The system is: Linux - 5.10.81 - x86_64
Compiling the C compiler identification source file "CMakeCCompilerId.c" succeeded.
Compiler: /run/current-system/sw/bin/gcc 
Build flags: 
Id flags:  

The output was:
0


Compilation of the C compiler identification source "CMakeCCompilerId.c" produced "a.out"

The C compiler identification is GNU, found in "/home/tei/projects/cpp/scratch/cmake-build-debug/CMakeFiles/3.19.7/CompilerIdC/a.out"

Compiling the CXX compiler identification source file "CMakeCXXCompilerId.cpp" succeeded.
Compiler: /run/current-system/sw/bin/g++ 
Build flags: 
Id flags:  

The output was:
0


Compilation of the CXX compiler identification source "CMakeCXXCompilerId.cpp" produced "a.out"

The CXX compiler identification is GNU, found in "/home/tei/projects/cpp/scratch/cmake-build-debug/CMakeFiles/3.19.7/CompilerIdCXX/a.out"

Detecting C compiler ABI info compiled with the following output:
Change Dir: /home/tei/projects/cpp/scratch/cmake-build-debug/CMakeFiles/CMakeTmp

Run Build Command(s):/run/current-system/sw/bin/make cmTC_ef907/fast && /run/current-system/sw/bin/make  -f CMakeFiles/cmTC_ef907.dir/build.make CMakeFiles/cmTC_ef907.dir/build
make[1]: Entering directory '/home/tei/projects/cpp/scratch/cmake-build-debug/CMakeFiles/CMakeTmp'
Building C object CMakeFiles/cmTC_ef907.dir/CMakeCCompilerABI.c.o
/run/current-system/sw/bin/gcc   -v -o CMakeFiles/cmTC_ef907.dir/CMakeCCompilerABI.c.o -c /nix/store/h240v616x2b9j3sbsiw7m58df47q91vn-cmake-3.19.7/share/cmake-3.19/Modules/CMakeCCompilerABI.c
Using built-in specs.
COLLECT_GCC=/nix/store/nfw1qqdi7rpshfkrn3nqf4k6zrhcdkqr-gcc-10.3.0/bin/gcc
Target: x86_64-unknown-linux-gnu
Configured with: 
Thread model: posix
Supported LTO compression algorithms: zlib
gcc version 10.3.0 (GCC) 
COLLECT_GCC_OPTIONS='-v' '-o' 'CMakeFiles/cmTC_ef907.dir/CMakeCCompilerABI.c.o' '-c' '-B' '/nix/store/9w7ra0b2nqnbly4v64vwayml255lb9bp-gcc-10.3.0-lib/lib' '-B' '/nix/store/jsp3h3wpzc842j0rz61m5ly71ak6qgdn-glibc-2.32-54/lib/' '-idirafter' '/nix/store/q141hd8jl7in5223jmf7kmx9h517km4p-glibc-2.32-54-dev/include' '-idirafter' '/nix/store/nfw1qqdi7rpshfkrn3nqf4k6zrhcdkqr-gcc-10.3.0/lib/gcc/x86_64-unknown-linux-gnu/10.3.0/include-fixed' '-B' '/nix/store/f9592ghi61h9q590f6hav7vw1nykl5h8-gcc-wrapper-10.3.0/bin/' '-mtune=generic' '-march=x86-64' '-fcommon'
 /nix/store/nfw1qqdi7rpshfkrn3nqf4k6zrhcdkqr-gcc-10.3.0/libexec/gcc/x86_64-unknown-linux-gnu/10.3.0/cc1 -quiet -v -idirafter /nix/store/q141hd8jl7in5223jmf7kmx9h517km4p-glibc-2.32-54-dev/include -idirafter /nix/store/nfw1qqdi7rpshfkrn3nqf4k6zrhcdkqr-gcc-10.3.0/lib/gcc/x86_64-unknown-linux-gnu/10.3.0/include-fixed /nix/store/h240v616x2b9j3sbsiw7m58df47q91vn-cmake-3.19.7/share/cmake-3.19/Modules/CMakeCCompilerABI.c -quiet -dumpbase CMakeCCompilerABI.c -mtune=generic -march=x86-64 -auxbase-strip CMakeFiles/cmTC_ef907.dir/CMakeCCompilerABI.c.o -version -fcommon -o /tmp/cc5SXsJT.s
GNU C17 (GCC) version 10.3.0 (x86_64-unknown-linux-gnu)
	compiled by GNU C version 10.3.0, GMP version 6.2.1, MPFR version 4.1.0, MPC version 1.2.1, isl version isl-0.20-GMP

GGC heuristics: --param ggc-min-expand=100 --param ggc-min-heapsize=131072
ignoring nonexistent directory "/nix/store/nfw1qqdi7rpshfkrn3nqf4k6zrhcdkqr-gcc-10.3.0/lib/gcc/x86_64-unknown-linux-gnu/10.3.0/../../../../x86_64-unknown-linux-gnu/include"
ignoring duplicate directory "/nix/store/q141hd8jl7in5223jmf7kmx9h517km4p-glibc-2.32-54-dev/include"
ignoring duplicate directory "/nix/store/nfw1qqdi7rpshfkrn3nqf4k6zrhcdkqr-gcc-10.3.0/lib/gcc/x86_64-unknown-linux-gnu/10.3.0/include-fixed"
#include "..." search starts here:
#include <...> search starts here:
 /nix/store/nfw1qqdi7rpshfkrn3nqf4k6zrhcdkqr-gcc-10.3.0/lib/gcc/x86_64-unknown-linux-gnu/10.3.0/include
 /nix/store/nfw1qqdi7rpshfkrn3nqf4k6zrhcdkqr-gcc-10.3.0/include
 /nix/store/nfw1qqdi7rpshfkrn3nqf4k6zrhcdkqr-gcc-10.3.0/lib/gcc/x86_64-unknown-linux-gnu/10.3.0/include-fixed
 /nix/store/q141hd8jl7in5223jmf7kmx9h517km4p-glibc-2.32-54-dev/include
End of search list.
GNU C17 (GCC) version 10.3.0 (x86_64-unknown-linux-gnu)
	compiled by GNU C version 10.3.0, GMP version 6.2.1, MPFR version 4.1.0, MPC version 1.2.1, isl version isl-0.20-GMP

GGC heuristics: --param ggc-min-expand=100 --param ggc-min-heapsize=131072
Compiler executable checksum: c8613ee1728efc671af36acd8ca97d69
COLLECT_GCC_OPTIONS='-v' '-o' 'CMakeFiles/cmTC_ef907.dir/CMakeCCompilerABI.c.o' '-c' '-B' '/nix/store/9w7ra0b2nqnbly4v64vwayml255lb9bp-gcc-10.3.0-lib/lib' '-B' '/nix/store/jsp3h3wpzc842j0rz61m5ly71ak6qgdn-glibc-2.32-54/lib/' '-idirafter' '/nix/store/q141hd8jl7in5223jmf7kmx9h517km4p-glibc-2.32-54-dev/include' '-idirafter' '/nix/store/nfw1qqdi7rpshfkrn3nqf4k6zrhcdkqr-gcc-10.3.0/lib/gcc/x86_64-unknown-linux-gnu/10.3.0/include-fixed' '-B' '/nix/store/f9592ghi61h9q590f6hav7vw1nykl5h8-gcc-wrapper-10.3.0/bin/' '-mtune=generic' '-march=x86-64' '-fcommon'
 /nix/store/f9592ghi61h9q590f6hav7vw1nykl5h8-gcc-wrapper-10.3.0/bin/as -v --64 -o CMakeFiles/cmTC_ef907.dir/CMakeCCompilerABI.c.o /tmp/cc5SXsJT.s
GNU assembler version 2.35.1 (x86_64-unknown-linux-gnu) using BFD version (GNU Binutils) 2.35.1
COMPILER_PATH=/nix/store/9w7ra0b2nqnbly4v64vwayml255lb9bp-gcc-10.3.0-lib/lib/:/nix/store/jsp3h3wpzc842j0rz61m5ly71ak6qgdn-glibc-2.32-54/lib/:/nix/store/f9592ghi61h9q590f6hav7vw1nykl5h8-gcc-wrapper-10.3.0/bin/:/nix/store/nfw1qqdi7rpshfkrn3nqf4k6zrhcdkqr-gcc-10.3.0/libexec/gcc/x86_64-unknown-linux-gnu/10.3.0/:/nix/store/nfw1qqdi7rpshfkrn3nqf4k6zrhcdkqr-gcc-10.3.0/libexec/gcc/x86_64-unknown-linux-gnu/10.3.0/:/nix/store/nfw1qqdi7rpshfkrn3nqf4k6zrhcdkqr-gcc-10.3.0/libexec/gcc/x86_64-unknown-linux-gnu/:/nix/store/nfw1qqdi7rpshfkrn3nqf4k6zrhcdkqr-gcc-10.3.0/lib/gcc/x86_64-unknown-linux-gnu/10.3.0/:/nix/store/nfw1qqdi7rpshfkrn3nqf4k6zrhcdkqr-gcc-10.3.0/lib/gcc/x86_64-unknown-linux-gnu/
LIBRARY_PATH=/nix/store/9w7ra0b2nqnbly4v64vwayml255lb9bp-gcc-10.3.0-lib/lib/:/nix/store/jsp3h3wpzc842j0rz61m5ly71ak6qgdn-glibc-2.32-54/lib/:/nix/store/f9592ghi61h9q590f6hav7vw1nykl5h8-gcc-wrapper-10.3.0/bin/:/nix/store/nfw1qqdi7rpshfkrn3nqf4k6zrhcdkqr-gcc-10.3.0/lib/gcc/x86_64-unknown-linux-gnu/10.3.0/:/nix/store/nfw1qqdi7rpshfkrn3nqf4k6zrhcdkqr-gcc-10.3.0/lib/gcc/x86_64-unknown-linux-gnu/10.3.0/../../../../lib64/:/nix/store/nfw1qqdi7rpshfkrn3nqf4k6zrhcdkqr-gcc-10.3.0/lib/gcc/x86_64-unknown-linux-gnu/10.3.0/../../../
COLLECT_GCC_OPTIONS='-v' '-o' 'CMakeFiles/cmTC_ef907.dir/CMakeCCompilerABI.c.o' '-c' '-B' '/nix/store/9w7ra0b2nqnbly4v64vwayml255lb9bp-gcc-10.3.0-lib/lib' '-B' '/nix/store/jsp3h3wpzc842j0rz61m5ly71ak6qgdn-glibc-2.32-54/lib/' '-idirafter' '/nix/store/q141hd8jl7in5223jmf7kmx9h517km4p-glibc-2.32-54-dev/include' '-idirafter' '/nix/store/nfw1qqdi7rpshfkrn3nqf4k6zrhcdkqr-gcc-10.3.0/lib/gcc/x86_64-unknown-linux-gnu/10.3.0/include-fixed' '-B' '/nix/store/f9592ghi61h9q590f6hav7vw1nykl5h8-gcc-wrapper-10.3.0/bin/' '-mtune=generic' '-march=x86-64' '-fcommon'
Linking C executable cmTC_ef907
/nix/store/h240v616x2b9j3sbsiw7m58df47q91vn-cmake-3.19.7/bin/cmake -E cmake_link_script CMakeFiles/cmTC_ef907.dir/link.txt --verbose=1
/run/current-system/sw/bin/gcc  -v CMakeFiles/cmTC_ef907.dir/CMakeCCompilerABI.c.o -o cmTC_ef907 
Using built-in specs.
COLLECT_GCC=/nix/store/nfw1qqdi7rpshfkrn3nqf4k6zrhcdkqr-gcc-10.3.0/bin/gcc
COLLECT_LTO_WRAPPER=/nix/store/nfw1qqdi7rpshfkrn3nqf4k6zrhcdkqr-gcc-10.3.0/libexec/gcc/x86_64-unknown-linux-gnu/10.3.0/lto-wrapper
Target: x86_64-unknown-linux-gnu
Configured with: 
Thread model: posix
Supported LTO compression algorithms: zlib
gcc version 10.3.0 (GCC) 
COMPILER_PATH=/nix/store/9w7ra0b2nqnbly4v64vwayml255lb9bp-gcc-10.3.0-lib/lib/:/nix/store/jsp3h3wpzc842j0rz61m5ly71ak6qgdn-glibc-2.32-54/lib/:/nix/store/f9592ghi61h9q590f6hav7vw1nykl5h8-gcc-wrapper-10.3.0/bin/:/nix/store/nfw1qqdi7rpshfkrn3nqf4k6zrhcdkqr-gcc-10.3.0/libexec/gcc/x86_64-unknown-linux-gnu/10.3.0/:/nix/store/nfw1qqdi7rpshfkrn3nqf4k6zrhcdkqr-gcc-10.3.0/libexec/gcc/x86_64-unknown-linux-gnu/10.3.0/:/nix/store/nfw1qqdi7rpshfkrn3nqf4k6zrhcdkqr-gcc-10.3.0/libexec/gcc/x86_64-unknown-linux-gnu/:/nix/store/nfw1qqdi7rpshfkrn3nqf4k6zrhcdkqr-gcc-10.3.0/lib/gcc/x86_64-unknown-linux-gnu/10.3.0/:/nix/store/nfw1qqdi7rpshfkrn3nqf4k6zrhcdkqr-gcc-10.3.0/lib/gcc/x86_64-unknown-linux-gnu/
LIBRARY_PATH=/nix/store/9w7ra0b2nqnbly4v64vwayml255lb9bp-gcc-10.3.0-lib/lib/:/nix/store/jsp3h3wpzc842j0rz61m5ly71ak6qgdn-glibc-2.32-54/lib/:/nix/store/f9592ghi61h9q590f6hav7vw1nykl5h8-gcc-wrapper-10.3.0/bin/:/nix/store/nfw1qqdi7rpshfkrn3nqf4k6zrhcdkqr-gcc-10.3.0/lib/gcc/x86_64-unknown-linux-gnu/10.3.0/:/nix/store/nfw1qqdi7rpshfkrn3nqf4k6zrhcdkqr-gcc-10.3.0/lib/gcc/x86_64-unknown-linux-gnu/10.3.0/../../../../lib64/:/nix/store/nfw1qqdi7rpshfkrn3nqf4k6zrhcdkqr-gcc-10.3.0/lib/gcc/x86_64-unknown-linux-gnu/10.3.0/../../../
COLLECT_GCC_OPTIONS='-v' '-o' 'cmTC_ef907' '-B' '/nix/store/9w7ra0b2nqnbly4v64vwayml255lb9bp-gcc-10.3.0-lib/lib' '-B' '/nix/store/jsp3h3wpzc842j0rz61m5ly71ak6qgdn-glibc-2.32-54/lib/' '-idirafter' '/nix/store/q141hd8jl7in5223jmf7kmx9h517km4p-glibc-2.32-54-dev/include' '-idirafter' '/nix/store/nfw1qqdi7rpshfkrn3nqf4k6zrhcdkqr-gcc-10.3.0/lib/gcc/x86_64-unknown-linux-gnu/10.3.0/include-fixed' '-B' '/nix/store/f9592ghi61h9q590f6hav7vw1nykl5h8-gcc-wrapper-10.3.0/bin/' '-L/nix/store/jsp3h3wpzc842j0rz61m5ly71ak6qgdn-glibc-2.32-54/lib' '-L/nix/store/9w7ra0b2nqnbly4v64vwayml255lb9bp-gcc-10.3.0-lib/lib' '-mtune=generic' '-march=x86-64' '-fcommon'
 /nix/store/nfw1qqdi7rpshfkrn3nqf4k6zrhcdkqr-gcc-10.3.0/libexec/gcc/x86_64-unknown-linux-gnu/10.3.0/collect2 -plugin /nix/store/nfw1qqdi7rpshfkrn3nqf4k6zrhcdkqr-gcc-10.3.0/libexec/gcc/x86_64-unknown-linux-gnu/10.3.0/liblto_plugin.so -plugin-opt=/nix/store/nfw1qqdi7rpshfkrn3nqf4k6zrhcdkqr-gcc-10.3.0/libexec/gcc/x86_64-unknown-linux-gnu/10.3.0/lto-wrapper -plugin-opt=-fresolution=/tmp/ccPZPaJS.res -plugin-opt=-pass-through=-lgcc -plugin-opt=-pass-through=-lgcc_s -plugin-opt=-pass-through=-lc -plugin-opt=-pass-through=-lgcc -plugin-opt=-pass-through=-lgcc_s --eh-frame-hdr -m elf_x86_64 -dynamic-linker /nix/store/jsp3h3wpzc842j0rz61m5ly71ak6qgdn-glibc-2.32-54/lib64/ld-linux-x86-64.so.2 -o cmTC_ef907 /nix/store/jsp3h3wpzc842j0rz61m5ly71ak6qgdn-glibc-2.32-54/lib/crt1.o /nix/store/jsp3h3wpzc842j0rz61m5ly71ak6qgdn-glibc-2.32-54/lib/crti.o /nix/store/nfw1qqdi7rpshfkrn3nqf4k6zrhcdkqr-gcc-10.3.0/lib/gcc/x86_64-unknown-linux-gnu/10.3.0/crtbegin.o -L/nix/store/jsp3h3wpzc842j0rz61m5ly71ak6qgdn-glibc-2.32-54/lib -L/nix/store/9w7ra0b2nqnbly4v64vwayml255lb9bp-gcc-10.3.0-lib/lib -L/nix/store/9w7ra0b2nqnbly4v64vwayml255lb9bp-gcc-10.3.0-lib/lib -L/nix/store/jsp3h3wpzc842j0rz61m5ly71ak6qgdn-glibc-2.32-54/lib -L/nix/store/f9592ghi61h9q590f6hav7vw1nykl5h8-gcc-wrapper-10.3.0/bin -L/nix/store/nfw1qqdi7rpshfkrn3nqf4k6zrhcdkqr-gcc-10.3.0/lib/gcc/x86_64-unknown-linux-gnu/10.3.0 -L/nix/store/nfw1qqdi7rpshfkrn3nqf4k6zrhcdkqr-gcc-10.3.0/lib/gcc/x86_64-unknown-linux-gnu/10.3.0/../../../../lib64 -L/nix/store/nfw1qqdi7rpshfkrn3nqf4k6zrhcdkqr-gcc-10.3.0/lib/gcc/x86_64-unknown-linux-gnu/10.3.0/../../.. -dynamic-linker=/nix/store/jsp3h3wpzc842j0rz61m5ly71ak6qgdn-glibc-2.32-54/lib/ld-linux-x86-64.so.2 CMakeFiles/cmTC_ef907.dir/CMakeCCompilerABI.c.o -lgcc --push-state --as-needed -lgcc_s --pop-state -lc -lgcc --push-state --as-needed -lgcc_s --pop-state /nix/store/nfw1qqdi7rpshfkrn3nqf4k6zrhcdkqr-gcc-10.3.0/lib/gcc/x86_64-unknown-linux-gnu/10.3.0/crtend.o /nix/store/jsp3h3wpzc842j0rz61m5ly71ak6qgdn-glibc-2.32-54/lib/crtn.o
COLLECT_GCC_OPTIONS='-v' '-o' 'cmTC_ef907' '-B' '/nix/store/9w7ra0b2nqnbly4v64vwayml255lb9bp-gcc-10.3.0-lib/lib' '-B' '/nix/store/jsp3h3wpzc842j0rz61m5ly71ak6qgdn-glibc-2.32-54/lib/' '-idirafter' '/nix/store/q141hd8jl7in5223jmf7kmx9h517km4p-glibc-2.32-54-dev/include' '-idirafter' '/nix/store/nfw1qqdi7rpshfkrn3nqf4k6zrhcdkqr-gcc-10.3.0/lib/gcc/x86_64-unknown-linux-gnu/10.3.0/include-fixed' '-B' '/nix/store/f9592ghi61h9q590f6hav7vw1nykl5h8-gcc-wrapper-10.3.0/bin/' '-L/nix/store/jsp3h3wpzc842j0rz61m5ly71ak6qgdn-glibc-2.32-54/lib' '-L/nix/store/9w7ra0b2nqnbly4v64vwayml255lb9bp-gcc-10.3.0-lib/lib' '-mtune=generic' '-march=x86-64' '-fcommon'
make[1]: Leaving directory '/home/tei/projects/cpp/scratch/cmake-build-debug/CMakeFiles/CMakeTmp'



Parsed C implicit include dir info from above output: rv=done
  found start of include info
  found start of implicit include info
    add: [/nix/store/nfw1qqdi7rpshfkrn3nqf4k6zrhcdkqr-gcc-10.3.0/lib/gcc/x86_64-unknown-linux-gnu/10.3.0/include]
    add: [/nix/store/nfw1qqdi7rpshfkrn3nqf4k6zrhcdkqr-gcc-10.3.0/include]
    add: [/nix/store/nfw1qqdi7rpshfkrn3nqf4k6zrhcdkqr-gcc-10.3.0/lib/gcc/x86_64-unknown-linux-gnu/10.3.0/include-fixed]
    add: [/nix/store/q141hd8jl7in5223jmf7kmx9h517km4p-glibc-2.32-54-dev/include]
  end of search list found
  collapse include dir [/nix/store/nfw1qqdi7rpshfkrn3nqf4k6zrhcdkqr-gcc-10.3.0/lib/gcc/x86_64-unknown-linux-gnu/10.3.0/include] ==> [/nix/store/nfw1qqdi7rpshfkrn3nqf4k6zrhcdkqr-gcc-10.3.0/lib/gcc/x86_64-unknown-linux-gnu/10.3.0/include]
  collapse include dir [/nix/store/nfw1qqdi7rpshfkrn3nqf4k6zrhcdkqr-gcc-10.3.0/include] ==> [/nix/store/nfw1qqdi7rpshfkrn3nqf4k6zrhcdkqr-gcc-10.3.0/include]
  collapse include dir [/nix/store/nfw1qqdi7rpshfkrn3nqf4k6zrhcdkqr-gcc-10.3.0/lib/gcc/x86_64-unknown-linux-gnu/10.3.0/include-fixed] ==> [/nix/store/nfw1qqdi7rpshfkrn3nqf4k6zrhcdkqr-gcc-10.3.0/lib/gcc/x86_64-unknown-linux-gnu/10.3.0/include-fixed]
  collapse include dir [/nix/store/q141hd8jl7in5223jmf7kmx9h517km4p-glibc-2.32-54-dev/include] ==> [/nix/store/q141hd8jl7in5223jmf7kmx9h517km4p-glibc-2.32-54-dev/include]
  implicit include dirs: [/nix/store/nfw1qqdi7rpshfkrn3nqf4k6zrhcdkqr-gcc-10.3.0/lib/gcc/x86_64-unknown-linux-gnu/10.3.0/include;/nix/store/nfw1qqdi7rpshfkrn3nqf4k6zrhcdkqr-gcc-10.3.0/include;/nix/store/nfw1qqdi7rpshfkrn3nqf4k6zrhcdkqr-gcc-10.3.0/lib/gcc/x86_64-unknown-linux-gnu/10.3.0/include-fixed;/nix/store/q141hd8jl7in5223jmf7kmx9h517km4p-glibc-2.32-54-dev/include]


Parsed C implicit link information from above output:
  link line regex: [^( *|.*[/\])(ld|CMAKE_LINK_STARTFILE-NOTFOUND|([^/\]+-)?ld|collect2)[^/\]*( |$)]
  ignore line: [Change Dir: /home/tei/projects/cpp/scratch/cmake-build-debug/CMakeFiles/CMakeTmp]
  ignore line: []
  ignore line: [Run Build Command(s):/run/current-system/sw/bin/make cmTC_ef907/fast && /run/current-system/sw/bin/make  -f CMakeFiles/cmTC_ef907.dir/build.make CMakeFiles/cmTC_ef907.dir/build]
  ignore line: [make[1]: Entering directory '/home/tei/projects/cpp/scratch/cmake-build-debug/CMakeFiles/CMakeTmp']
  ignore line: [Building C object CMakeFiles/cmTC_ef907.dir/CMakeCCompilerABI.c.o]
  ignore line: [/run/current-system/sw/bin/gcc   -v -o CMakeFiles/cmTC_ef907.dir/CMakeCCompilerABI.c.o -c /nix/store/h240v616x2b9j3sbsiw7m58df47q91vn-cmake-3.19.7/share/cmake-3.19/Modules/CMakeCCompilerABI.c]
  ignore line: [Using built-in specs.]
  ignore line: [COLLECT_GCC=/nix/store/nfw1qqdi7rpshfkrn3nqf4k6zrhcdkqr-gcc-10.3.0/bin/gcc]
  ignore line: [Target: x86_64-unknown-linux-gnu]
  ignore line: [Configured with: ]
  ignore line: [Thread model: posix]
  ignore line: [Supported LTO compression algorithms: zlib]
  ignore line: [gcc version 10.3.0 (GCC) ]
  ignore line: [COLLECT_GCC_OPTIONS='-v' '-o' 'CMakeFiles/cmTC_ef907.dir/CMakeCCompilerABI.c.o' '-c' '-B' '/nix/store/9w7ra0b2nqnbly4v64vwayml255lb9bp-gcc-10.3.0-lib/lib' '-B' '/nix/store/jsp3h3wpzc842j0rz61m5ly71ak6qgdn-glibc-2.32-54/lib/' '-idirafter' '/nix/store/q141hd8jl7in5223jmf7kmx9h517km4p-glibc-2.32-54-dev/include' '-idirafter' '/nix/store/nfw1qqdi7rpshfkrn3nqf4k6zrhcdkqr-gcc-10.3.0/lib/gcc/x86_64-unknown-linux-gnu/10.3.0/include-fixed' '-B' '/nix/store/f9592ghi61h9q590f6hav7vw1nykl5h8-gcc-wrapper-10.3.0/bin/' '-mtune=generic' '-march=x86-64' '-fcommon']
  ignore line: [ /nix/store/nfw1qqdi7rpshfkrn3nqf4k6zrhcdkqr-gcc-10.3.0/libexec/gcc/x86_64-unknown-linux-gnu/10.3.0/cc1 -quiet -v -idirafter /nix/store/q141hd8jl7in5223jmf7kmx9h517km4p-glibc-2.32-54-dev/include -idirafter /nix/store/nfw1qqdi7rpshfkrn3nqf4k6zrhcdkqr-gcc-10.3.0/lib/gcc/x86_64-unknown-linux-gnu/10.3.0/include-fixed /nix/store/h240v616x2b9j3sbsiw7m58df47q91vn-cmake-3.19.7/share/cmake-3.19/Modules/CMakeCCompilerABI.c -quiet -dumpbase CMakeCCompilerABI.c -mtune=generic -march=x86-64 -auxbase-strip CMakeFiles/cmTC_ef907.dir/CMakeCCompilerABI.c.o -version -fcommon -o /tmp/cc5SXsJT.s]
  ignore line: [GNU C17 (GCC) version 10.3.0 (x86_64-unknown-linux-gnu)]
  ignore line: [	compiled by GNU C version 10.3.0  GMP version 6.2.1  MPFR version 4.1.0  MPC version 1.2.1  isl version isl-0.20-GMP]
  ignore line: []
  ignore line: [GGC heuristics: --param ggc-min-expand=100 --param ggc-min-heapsize=131072]
  ignore line: [ignoring nonexistent directory "/nix/store/nfw1qqdi7rpshfkrn3nqf4k6zrhcdkqr-gcc-10.3.0/lib/gcc/x86_64-unknown-linux-gnu/10.3.0/../../../../x86_64-unknown-linux-gnu/include"]
  ignore line: [ignoring duplicate directory "/nix/store/q141hd8jl7in5223jmf7kmx9h517km4p-glibc-2.32-54-dev/include"]
  ignore line: [ignoring duplicate directory "/nix/store/nfw1qqdi7rpshfkrn3nqf4k6zrhcdkqr-gcc-10.3.0/lib/gcc/x86_64-unknown-linux-gnu/10.3.0/include-fixed"]
  ignore line: [#include "..." search starts here:]
  ignore line: [#include <...> search starts here:]
  ignore line: [ /nix/store/nfw1qqdi7rpshfkrn3nqf4k6zrhcdkqr-gcc-10.3.0/lib/gcc/x86_64-unknown-linux-gnu/10.3.0/include]
  ignore line: [ /nix/store/nfw1qqdi7rpshfkrn3nqf4k6zrhcdkqr-gcc-10.3.0/include]
  ignore line: [ /nix/store/nfw1qqdi7rpshfkrn3nqf4k6zrhcdkqr-gcc-10.3.0/lib/gcc/x86_64-unknown-linux-gnu/10.3.0/include-fixed]
  ignore line: [ /nix/store/q141hd8jl7in5223jmf7kmx9h517km4p-glibc-2.32-54-dev/include]
  ignore line: [End of search list.]
  ignore line: [GNU C17 (GCC) version 10.3.0 (x86_64-unknown-linux-gnu)]
  ignore line: [	compiled by GNU C version 10.3.0  GMP version 6.2.1  MPFR version 4.1.0  MPC version 1.2.1  isl version isl-0.20-GMP]
  ignore line: []
  ignore line: [GGC heuristics: --param ggc-min-expand=100 --param ggc-min-heapsize=131072]
  ignore line: [Compiler executable checksum: c8613ee1728efc671af36acd8ca97d69]
  ignore line: [COLLECT_GCC_OPTIONS='-v' '-o' 'CMakeFiles/cmTC_ef907.dir/CMakeCCompilerABI.c.o' '-c' '-B' '/nix/store/9w7ra0b2nqnbly4v64vwayml255lb9bp-gcc-10.3.0-lib/lib' '-B' '/nix/store/jsp3h3wpzc842j0rz61m5ly71ak6qgdn-glibc-2.32-54/lib/' '-idirafter' '/nix/store/q141hd8jl7in5223jmf7kmx9h517km4p-glibc-2.32-54-dev/include' '-idirafter' '/nix/store/nfw1qqdi7rpshfkrn3nqf4k6zrhcdkqr-gcc-10.3.0/lib/gcc/x86_64-unknown-linux-gnu/10.3.0/include-fixed' '-B' '/nix/store/f9592ghi61h9q590f6hav7vw1nykl5h8-gcc-wrapper-10.3.0/bin/' '-mtune=generic' '-march=x86-64' '-fcommon']
  ignore line: [ /nix/store/f9592ghi61h9q590f6hav7vw1nykl5h8-gcc-wrapper-10.3.0/bin/as -v --64 -o CMakeFiles/cmTC_ef907.dir/CMakeCCompilerABI.c.o /tmp/cc5SXsJT.s]
  ignore line: [GNU assembler version 2.35.1 (x86_64-unknown-linux-gnu) using BFD version (GNU Binutils) 2.35.1]
  ignore line: [COMPILER_PATH=/nix/store/9w7ra0b2nqnbly4v64vwayml255lb9bp-gcc-10.3.0-lib/lib/:/nix/store/jsp3h3wpzc842j0rz61m5ly71ak6qgdn-glibc-2.32-54/lib/:/nix/store/f9592ghi61h9q590f6hav7vw1nykl5h8-gcc-wrapper-10.3.0/bin/:/nix/store/nfw1qqdi7rpshfkrn3nqf4k6zrhcdkqr-gcc-10.3.0/libexec/gcc/x86_64-unknown-linux-gnu/10.3.0/:/nix/store/nfw1qqdi7rpshfkrn3nqf4k6zrhcdkqr-gcc-10.3.0/libexec/gcc/x86_64-unknown-linux-gnu/10.3.0/:/nix/store/nfw1qqdi7rpshfkrn3nqf4k6zrhcdkqr-gcc-10.3.0/libexec/gcc/x86_64-unknown-linux-gnu/:/nix/store/nfw1qqdi7rpshfkrn3nqf4k6zrhcdkqr-gcc-10.3.0/lib/gcc/x86_64-unknown-linux-gnu/10.3.0/:/nix/store/nfw1qqdi7rpshfkrn3nqf4k6zrhcdkqr-gcc-10.3.0/lib/gcc/x86_64-unknown-linux-gnu/]
  ignore line: [LIBRARY_PATH=/nix/store/9w7ra0b2nqnbly4v64vwayml255lb9bp-gcc-10.3.0-lib/lib/:/nix/store/jsp3h3wpzc842j0rz61m5ly71ak6qgdn-glibc-2.32-54/lib/:/nix/store/f9592ghi61h9q590f6hav7vw1nykl5h8-gcc-wrapper-10.3.0/bin/:/nix/store/nfw1qqdi7rpshfkrn3nqf4k6zrhcdkqr-gcc-10.3.0/lib/gcc/x86_64-unknown-linux-gnu/10.3.0/:/nix/store/nfw1qqdi7rpshfkrn3nqf4k6zrhcdkqr-gcc-10.3.0/lib/gcc/x86_64-unknown-linux-gnu/10.3.0/../../../../lib64/:/nix/store/nfw1qqdi7rpshfkrn3nqf4k6zrhcdkqr-gcc-10.3.0/lib/gcc/x86_64-unknown-linux-gnu/10.3.0/../../../]
  ignore line: [COLLECT_GCC_OPTIONS='-v' '-o' 'CMakeFiles/cmTC_ef907.dir/CMakeCCompilerABI.c.o' '-c' '-B' '/nix/store/9w7ra0b2nqnbly4v64vwayml255lb9bp-gcc-10.3.0-lib/lib' '-B' '/nix/store/jsp3h3wpzc842j0rz61m5ly71ak6qgdn-glibc-2.32-54/lib/' '-idirafter' '/nix/store/q141hd8jl7in5223jmf7kmx9h517km4p-glibc-2.32-54-dev/include' '-idirafter' '/nix/store/nfw1qqdi7rpshfkrn3nqf4k6zrhcdkqr-gcc-10.3.0/lib/gcc/x86_64-unknown-linux-gnu/10.3.0/include-fixed' '-B' '/nix/store/f9592ghi61h9q590f6hav7vw1nykl5h8-gcc-wrapper-10.3.0/bin/' '-mtune=generic' '-march=x86-64' '-fcommon']
  ignore line: [Linking C executable cmTC_ef907]
  ignore line: [/nix/store/h240v616x2b9j3sbsiw7m58df47q91vn-cmake-3.19.7/bin/cmake -E cmake_link_script CMakeFiles/cmTC_ef907.dir/link.txt --verbose=1]
  ignore line: [/run/current-system/sw/bin/gcc  -v CMakeFiles/cmTC_ef907.dir/CMakeCCompilerABI.c.o -o cmTC_ef907 ]
  ignore line: [Using built-in specs.]
  ignore line: [COLLECT_GCC=/nix/store/nfw1qqdi7rpshfkrn3nqf4k6zrhcdkqr-gcc-10.3.0/bin/gcc]
  ignore line: [COLLECT_LTO_WRAPPER=/nix/store/nfw1qqdi7rpshfkrn3nqf4k6zrhcdkqr-gcc-10.3.0/libexec/gcc/x86_64-unknown-linux-gnu/10.3.0/lto-wrapper]
  ignore line: [Target: x86_64-unknown-linux-gnu]
  ignore line: [Configured with: ]
  ignore line: [Thread model: posix]
  ignore line: [Supported LTO compression algorithms: zlib]
  ignore line: [gcc version 10.3.0 (GCC) ]
  ignore line: [COMPILER_PATH=/nix/store/9w7ra0b2nqnbly4v64vwayml255lb9bp-gcc-10.3.0-lib/lib/:/nix/store/jsp3h3wpzc842j0rz61m5ly71ak6qgdn-glibc-2.32-54/lib/:/nix/store/f9592ghi61h9q590f6hav7vw1nykl5h8-gcc-wrapper-10.3.0/bin/:/nix/store/nfw1qqdi7rpshfkrn3nqf4k6zrhcdkqr-gcc-10.3.0/libexec/gcc/x86_64-unknown-linux-gnu/10.3.0/:/nix/store/nfw1qqdi7rpshfkrn3nqf4k6zrhcdkqr-gcc-10.3.0/libexec/gcc/x86_64-unknown-linux-gnu/10.3.0/:/nix/store/nfw1qqdi7rpshfkrn3nqf4k6zrhcdkqr-gcc-10.3.0/libexec/gcc/x86_64-unknown-linux-gnu/:/nix/store/nfw1qqdi7rpshfkrn3nqf4k6zrhcdkqr-gcc-10.3.0/lib/gcc/x86_64-unknown-linux-gnu/10.3.0/:/nix/store/nfw1qqdi7rpshfkrn3nqf4k6zrhcdkqr-gcc-10.3.0/lib/gcc/x86_64-unknown-linux-gnu/]
  ignore line: [LIBRARY_PATH=/nix/store/9w7ra0b2nqnbly4v64vwayml255lb9bp-gcc-10.3.0-lib/lib/:/nix/store/jsp3h3wpzc842j0rz61m5ly71ak6qgdn-glibc-2.32-54/lib/:/nix/store/f9592ghi61h9q590f6hav7vw1nykl5h8-gcc-wrapper-10.3.0/bin/:/nix/store/nfw1qqdi7rpshfkrn3nqf4k6zrhcdkqr-gcc-10.3.0/lib/gcc/x86_64-unknown-linux-gnu/10.3.0/:/nix/store/nfw1qqdi7rpshfkrn3nqf4k6zrhcdkqr-gcc-10.3.0/lib/gcc/x86_64-unknown-linux-gnu/10.3.0/../../../../lib64/:/nix/store/nfw1qqdi7rpshfkrn3nqf4k6zrhcdkqr-gcc-10.3.0/lib/gcc/x86_64-unknown-linux-gnu/10.3.0/../../../]
  ignore line: [COLLECT_GCC_OPTIONS='-v' '-o' 'cmTC_ef907' '-B' '/nix/store/9w7ra0b2nqnbly4v64vwayml255lb9bp-gcc-10.3.0-lib/lib' '-B' '/nix/store/jsp3h3wpzc842j0rz61m5ly71ak6qgdn-glibc-2.32-54/lib/' '-idirafter' '/nix/store/q141hd8jl7in5223jmf7kmx9h517km4p-glibc-2.32-54-dev/include' '-idirafter' '/nix/store/nfw1qqdi7rpshfkrn3nqf4k6zrhcdkqr-gcc-10.3.0/lib/gcc/x86_64-unknown-linux-gnu/10.3.0/include-fixed' '-B' '/nix/store/f9592ghi61h9q590f6hav7vw1nykl5h8-gcc-wrapper-10.3.0/bin/' '-L/nix/store/jsp3h3wpzc842j0rz61m5ly71ak6qgdn-glibc-2.32-54/lib' '-L/nix/store/9w7ra0b2nqnbly4v64vwayml255lb9bp-gcc-10.3.0-lib/lib' '-mtune=generic' '-march=x86-64' '-fcommon']
  link line: [ /nix/store/nfw1qqdi7rpshfkrn3nqf4k6zrhcdkqr-gcc-10.3.0/libexec/gcc/x86_64-unknown-linux-gnu/10.3.0/collect2 -plugin /nix/store/nfw1qqdi7rpshfkrn3nqf4k6zrhcdkqr-gcc-10.3.0/libexec/gcc/x86_64-unknown-linux-gnu/10.3.0/liblto_plugin.so -plugin-opt=/nix/store/nfw1qqdi7rpshfkrn3nqf4k6zrhcdkqr-gcc-10.3.0/libexec/gcc/x86_64-unknown-linux-gnu/10.3.0/lto-wrapper -plugin-opt=-fresolution=/tmp/ccPZPaJS.res -plugin-opt=-pass-through=-lgcc -plugin-opt=-pass-through=-lgcc_s -plugin-opt=-pass-through=-lc -plugin-opt=-pass-through=-lgcc -plugin-opt=-pass-through=-lgcc_s --eh-frame-hdr -m elf_x86_64 -dynamic-linker /nix/store/jsp3h3wpzc842j0rz61m5ly71ak6qgdn-glibc-2.32-54/lib64/ld-linux-x86-64.so.2 -o cmTC_ef907 /nix/store/jsp3h3wpzc842j0rz61m5ly71ak6qgdn-glibc-2.32-54/lib/crt1.o /nix/store/jsp3h3wpzc842j0rz61m5ly71ak6qgdn-glibc-2.32-54/lib/crti.o /nix/store/nfw1qqdi7rpshfkrn3nqf4k6zrhcdkqr-gcc-10.3.0/lib/gcc/x86_64-unknown-linux-gnu/10.3.0/crtbegin.o -L/nix/store/jsp3h3wpzc842j0rz61m5ly71ak6qgdn-glibc-2.32-54/lib -L/nix/store/9w7ra0b2nqnbly4v64vwayml255lb9bp-gcc-10.3.0-lib/lib -L/nix/store/9w7ra0b2nqnbly4v64vwayml255lb9bp-gcc-10.3.0-lib/lib -L/nix/store/jsp3h3wpzc842j0rz61m5ly71ak6qgdn-glibc-2.32-54/lib -L/nix/store/f9592ghi61h9q590f6hav7vw1nykl5h8-gcc-wrapper-10.3.0/bin -L/nix/store/nfw1qqdi7rpshfkrn3nqf4k6zrhcdkqr-gcc-10.3.0/lib/gcc/x86_64-unknown-linux-gnu/10.3.0 -L/nix/store/nfw1qqdi7rpshfkrn3nqf4k6zrhcdkqr-gcc-10.3.0/lib/gcc/x86_64-unknown-linux-gnu/10.3.0/../../../../lib64 -L/nix/store/nfw1qqdi7rpshfkrn3nqf4k6zrhcdkqr-gcc-10.3.0/lib/gcc/x86_64-unknown-linux-gnu/10.3.0/../../.. -dynamic-linker=/nix/store/jsp3h3wpzc842j0rz61m5ly71ak6qgdn-glibc-2.32-54/lib/ld-linux-x86-64.so.2 CMakeFiles/cmTC_ef907.dir/CMakeCCompilerABI.c.o -lgcc --push-state --as-needed -lgcc_s --pop-state -lc -lgcc --push-state --as-needed -lgcc_s --pop-state /nix/store/nfw1qqdi7rpshfkrn3nqf4k6zrhcdkqr-gcc-10.3.0/lib/gcc/x86_64-unknown-linux-gnu/10.3.0/crtend.o /nix/store/jsp3h3wpzc842j0rz61m5ly71ak6qgdn-glibc-2.32-54/lib/crtn.o]
    arg [/nix/store/nfw1qqdi7rpshfkrn3nqf4k6zrhcdkqr-gcc-10.3.0/libexec/gcc/x86_64-unknown-linux-gnu/10.3.0/collect2] ==> ignore
    arg [-plugin] ==> ignore
    arg [/nix/store/nfw1qqdi7rpshfkrn3nqf4k6zrhcdkqr-gcc-10.3.0/libexec/gcc/x86_64-unknown-linux-gnu/10.3.0/liblto_plugin.so] ==> ignore
    arg [-plugin-opt=/nix/store/nfw1qqdi7rpshfkrn3nqf4k6zrhcdkqr-gcc-10.3.0/libexec/gcc/x86_64-unknown-linux-gnu/10.3.0/lto-wrapper] ==> ignore
    arg [-plugin-opt=-fresolution=/tmp/ccPZPaJS.res] ==> ignore
    arg [-plugin-opt=-pass-through=-lgcc] ==> ignore
    arg [-plugin-opt=-pass-through=-lgcc_s] ==> ignore
    arg [-plugin-opt=-pass-through=-lc] ==> ignore
    arg [-plugin-opt=-pass-through=-lgcc] ==> ignore
    arg [-plugin-opt=-pass-through=-lgcc_s] ==> ignore
    arg [--eh-frame-hdr] ==> ignore
    arg [-m] ==> ignore
    arg [elf_x86_64] ==> ignore
    arg [-dynamic-linker] ==> ignore
    arg [/nix/store/jsp3h3wpzc842j0rz61m5ly71ak6qgdn-glibc-2.32-54/lib64/ld-linux-x86-64.so.2] ==> ignore
    arg [-o] ==> ignore
    arg [cmTC_ef907] ==> ignore
    arg [/nix/store/jsp3h3wpzc842j0rz61m5ly71ak6qgdn-glibc-2.32-54/lib/crt1.o] ==> ignore
    arg [/nix/store/jsp3h3wpzc842j0rz61m5ly71ak6qgdn-glibc-2.32-54/lib/crti.o] ==> ignore
    arg [/nix/store/nfw1qqdi7rpshfkrn3nqf4k6zrhcdkqr-gcc-10.3.0/lib/gcc/x86_64-unknown-linux-gnu/10.3.0/crtbegin.o] ==> ignore
    arg [-L/nix/store/jsp3h3wpzc842j0rz61m5ly71ak6qgdn-glibc-2.32-54/lib] ==> dir [/nix/store/jsp3h3wpzc842j0rz61m5ly71ak6qgdn-glibc-2.32-54/lib]
    arg [-L/nix/store/9w7ra0b2nqnbly4v64vwayml255lb9bp-gcc-10.3.0-lib/lib] ==> dir [/nix/store/9w7ra0b2nqnbly4v64vwayml255lb9bp-gcc-10.3.0-lib/lib]
    arg [-L/nix/store/9w7ra0b2nqnbly4v64vwayml255lb9bp-gcc-10.3.0-lib/lib] ==> dir [/nix/store/9w7ra0b2nqnbly4v64vwayml255lb9bp-gcc-10.3.0-lib/lib]
    arg [-L/nix/store/jsp3h3wpzc842j0rz61m5ly71ak6qgdn-glibc-2.32-54/lib] ==> dir [/nix/store/jsp3h3wpzc842j0rz61m5ly71ak6qgdn-glibc-2.32-54/lib]
    arg [-L/nix/store/f9592ghi61h9q590f6hav7vw1nykl5h8-gcc-wrapper-10.3.0/bin] ==> dir [/nix/store/f9592ghi61h9q590f6hav7vw1nykl5h8-gcc-wrapper-10.3.0/bin]
    arg [-L/nix/store/nfw1qqdi7rpshfkrn3nqf4k6zrhcdkqr-gcc-10.3.0/lib/gcc/x86_64-unknown-linux-gnu/10.3.0] ==> dir [/nix/store/nfw1qqdi7rpshfkrn3nqf4k6zrhcdkqr-gcc-10.3.0/lib/gcc/x86_64-unknown-linux-gnu/10.3.0]
    arg [-L/nix/store/nfw1qqdi7rpshfkrn3nqf4k6zrhcdkqr-gcc-10.3.0/lib/gcc/x86_64-unknown-linux-gnu/10.3.0/../../../../lib64] ==> dir [/nix/store/nfw1qqdi7rpshfkrn3nqf4k6zrhcdkqr-gcc-10.3.0/lib/gcc/x86_64-unknown-linux-gnu/10.3.0/../../../../lib64]
    arg [-L/nix/store/nfw1qqdi7rpshfkrn3nqf4k6zrhcdkqr-gcc-10.3.0/lib/gcc/x86_64-unknown-linux-gnu/10.3.0/../../..] ==> dir [/nix/store/nfw1qqdi7rpshfkrn3nqf4k6zrhcdkqr-gcc-10.3.0/lib/gcc/x86_64-unknown-linux-gnu/10.3.0/../../..]
    arg [-dynamic-linker=/nix/store/jsp3h3wpzc842j0rz61m5ly71ak6qgdn-glibc-2.32-54/lib/ld-linux-x86-64.so.2] ==> ignore
    arg [CMakeFiles/cmTC_ef907.dir/CMakeCCompilerABI.c.o] ==> ignore
    arg [-lgcc] ==> lib [gcc]
    arg [--push-state] ==> ignore
    arg [--as-needed] ==> ignore
    arg [-lgcc_s] ==> lib [gcc_s]
    arg [--pop-state] ==> ignore
    arg [-lc] ==> lib [c]
    arg [-lgcc] ==> lib [gcc]
    arg [--push-state] ==> ignore
    arg [--as-needed] ==> ignore
    arg [-lgcc_s] ==> lib [gcc_s]
    arg [--pop-state] ==> ignore
    arg [/nix/store/nfw1qqdi7rpshfkrn3nqf4k6zrhcdkqr-gcc-10.3.0/lib/gcc/x86_64-unknown-linux-gnu/10.3.0/crtend.o] ==> ignore
    arg [/nix/store/jsp3h3wpzc842j0rz61m5ly71ak6qgdn-glibc-2.32-54/lib/crtn.o] ==> ignore
  collapse library dir [/nix/store/jsp3h3wpzc842j0rz61m5ly71ak6qgdn-glibc-2.32-54/lib] ==> [/nix/store/jsp3h3wpzc842j0rz61m5ly71ak6qgdn-glibc-2.32-54/lib]
  collapse library dir [/nix/store/9w7ra0b2nqnbly4v64vwayml255lb9bp-gcc-10.3.0-lib/lib] ==> [/nix/store/9w7ra0b2nqnbly4v64vwayml255lb9bp-gcc-10.3.0-lib/lib]
  collapse library dir [/nix/store/9w7ra0b2nqnbly4v64vwayml255lb9bp-gcc-10.3.0-lib/lib] ==> [/nix/store/9w7ra0b2nqnbly4v64vwayml255lb9bp-gcc-10.3.0-lib/lib]
  collapse library dir [/nix/store/jsp3h3wpzc842j0rz61m5ly71ak6qgdn-glibc-2.32-54/lib] ==> [/nix/store/jsp3h3wpzc842j0rz61m5ly71ak6qgdn-glibc-2.32-54/lib]
  collapse library dir [/nix/store/f9592ghi61h9q590f6hav7vw1nykl5h8-gcc-wrapper-10.3.0/bin] ==> [/nix/store/f9592ghi61h9q590f6hav7vw1nykl5h8-gcc-wrapper-10.3.0/bin]
  collapse library dir [/nix/store/nfw1qqdi7rpshfkrn3nqf4k6zrhcdkqr-gcc-10.3.0/lib/gcc/x86_64-unknown-linux-gnu/10.3.0] ==> [/nix/store/nfw1qqdi7rpshfkrn3nqf4k6zrhcdkqr-gcc-10.3.0/lib/gcc/x86_64-unknown-linux-gnu/10.3.0]
  collapse library dir [/nix/store/nfw1qqdi7rpshfkrn3nqf4k6zrhcdkqr-gcc-10.3.0/lib/gcc/x86_64-unknown-linux-gnu/10.3.0/../../../../lib64] ==> [/nix/store/nfw1qqdi7rpshfkrn3nqf4k6zrhcdkqr-gcc-10.3.0/lib64]
  collapse library dir [/nix/store/nfw1qqdi7rpshfkrn3nqf4k6zrhcdkqr-gcc-10.3.0/lib/gcc/x86_64-unknown-linux-gnu/10.3.0/../../..] ==> [/nix/store/nfw1qqdi7rpshfkrn3nqf4k6zrhcdkqr-gcc-10.3.0/lib]
  implicit libs: [gcc;gcc_s;c;gcc;gcc_s]
  implicit dirs: [/nix/store/jsp3h3wpzc842j0rz61m5ly71ak6qgdn-glibc-2.32-54/lib;/nix/store/9w7ra0b2nqnbly4v64vwayml255lb9bp-gcc-10.3.0-lib/lib;/nix/store/f9592ghi61h9q590f6hav7vw1nykl5h8-gcc-wrapper-10.3.0/bin;/nix/store/nfw1qqdi7rpshfkrn3nqf4k6zrhcdkqr-gcc-10.3.0/lib/gcc/x86_64-unknown-linux-gnu/10.3.0;/nix/store/nfw1qqdi7rpshfkrn3nqf4k6zrhcdkqr-gcc-10.3.0/lib64;/nix/store/nfw1qqdi7rpshfkrn3nqf4k6zrhcdkqr-gcc-10.3.0/lib]
  implicit fwks: []


Detecting CXX compiler ABI info compiled with the following output:
Change Dir: /home/tei/projects/cpp/scratch/cmake-build-debug/CMakeFiles/CMakeTmp

Run Build Command(s):/run/current-system/sw/bin/make cmTC_fd7be/fast && /run/current-system/sw/bin/make  -f CMakeFiles/cmTC_fd7be.dir/build.make CMakeFiles/cmTC_fd7be.dir/build
make[1]: Entering directory '/home/tei/projects/cpp/scratch/cmake-build-debug/CMakeFiles/CMakeTmp'
Building CXX object CMakeFiles/cmTC_fd7be.dir/CMakeCXXCompilerABI.cpp.o
/run/current-system/sw/bin/g++   -v -o CMakeFiles/cmTC_fd7be.dir/CMakeCXXCompilerABI.cpp.o -c /nix/store/h240v616x2b9j3sbsiw7m58df47q91vn-cmake-3.19.7/share/cmake-3.19/Modules/CMakeCXXCompilerABI.cpp
Using built-in specs.
COLLECT_GCC=/nix/store/nfw1qqdi7rpshfkrn3nqf4k6zrhcdkqr-gcc-10.3.0/bin/g++
Target: x86_64-unknown-linux-gnu
Configured with: 
Thread model: posix
Supported LTO compression algorithms: zlib
gcc version 10.3.0 (GCC) 
COLLECT_GCC_OPTIONS='-v' '-o' 'CMakeFiles/cmTC_fd7be.dir/CMakeCXXCompilerABI.cpp.o' '-c' '-B' '/nix/store/9w7ra0b2nqnbly4v64vwayml255lb9bp-gcc-10.3.0-lib/lib' '-B' '/nix/store/jsp3h3wpzc842j0rz61m5ly71ak6qgdn-glibc-2.32-54/lib/' '-idirafter' '/nix/store/q141hd8jl7in5223jmf7kmx9h517km4p-glibc-2.32-54-dev/include' '-idirafter' '/nix/store/nfw1qqdi7rpshfkrn3nqf4k6zrhcdkqr-gcc-10.3.0/lib/gcc/x86_64-unknown-linux-gnu/10.3.0/include-fixed' '-B' '/nix/store/f9592ghi61h9q590f6hav7vw1nykl5h8-gcc-wrapper-10.3.0/bin/' '-shared-libgcc' '-mtune=generic' '-march=x86-64' '-fcommon'
 /nix/store/nfw1qqdi7rpshfkrn3nqf4k6zrhcdkqr-gcc-10.3.0/libexec/gcc/x86_64-unknown-linux-gnu/10.3.0/cc1plus -quiet -v -D_GNU_SOURCE -idirafter /nix/store/q141hd8jl7in5223jmf7kmx9h517km4p-glibc-2.32-54-dev/include -idirafter /nix/store/nfw1qqdi7rpshfkrn3nqf4k6zrhcdkqr-gcc-10.3.0/lib/gcc/x86_64-unknown-linux-gnu/10.3.0/include-fixed /nix/store/h240v616x2b9j3sbsiw7m58df47q91vn-cmake-3.19.7/share/cmake-3.19/Modules/CMakeCXXCompilerABI.cpp -quiet -dumpbase CMakeCXXCompilerABI.cpp -mtune=generic -march=x86-64 -auxbase-strip CMakeFiles/cmTC_fd7be.dir/CMakeCXXCompilerABI.cpp.o -version -fcommon -o /tmp/ccIAgfE8.s
GNU C++14 (GCC) version 10.3.0 (x86_64-unknown-linux-gnu)
	compiled by GNU C version 10.3.0, GMP version 6.2.1, MPFR version 4.1.0, MPC version 1.2.1, isl version isl-0.20-GMP

GGC heuristics: --param ggc-min-expand=100 --param ggc-min-heapsize=131072
ignoring nonexistent directory "/nix/store/nfw1qqdi7rpshfkrn3nqf4k6zrhcdkqr-gcc-10.3.0/lib/gcc/x86_64-unknown-linux-gnu/10.3.0/../../../../x86_64-unknown-linux-gnu/include"
ignoring duplicate directory "/nix/store/q141hd8jl7in5223jmf7kmx9h517km4p-glibc-2.32-54-dev/include"
ignoring duplicate directory "/nix/store/nfw1qqdi7rpshfkrn3nqf4k6zrhcdkqr-gcc-10.3.0/lib/gcc/x86_64-unknown-linux-gnu/10.3.0/include-fixed"
#include "..." search starts here:
#include <...> search starts here:
 /nix/store/nfw1qqdi7rpshfkrn3nqf4k6zrhcdkqr-gcc-10.3.0/lib/gcc/x86_64-unknown-linux-gnu/10.3.0/../../../../include/c++/10.3.0
 /nix/store/nfw1qqdi7rpshfkrn3nqf4k6zrhcdkqr-gcc-10.3.0/lib/gcc/x86_64-unknown-linux-gnu/10.3.0/../../../../include/c++/10.3.0/x86_64-unknown-linux-gnu
 /nix/store/nfw1qqdi7rpshfkrn3nqf4k6zrhcdkqr-gcc-10.3.0/lib/gcc/x86_64-unknown-linux-gnu/10.3.0/../../../../include/c++/10.3.0/backward
 /nix/store/nfw1qqdi7rpshfkrn3nqf4k6zrhcdkqr-gcc-10.3.0/lib/gcc/x86_64-unknown-linux-gnu/10.3.0/include
 /nix/store/nfw1qqdi7rpshfkrn3nqf4k6zrhcdkqr-gcc-10.3.0/include
 /nix/store/nfw1qqdi7rpshfkrn3nqf4k6zrhcdkqr-gcc-10.3.0/lib/gcc/x86_64-unknown-linux-gnu/10.3.0/include-fixed
 /nix/store/q141hd8jl7in5223jmf7kmx9h517km4p-glibc-2.32-54-dev/include
End of search list.
GNU C++14 (GCC) version 10.3.0 (x86_64-unknown-linux-gnu)
	compiled by GNU C version 10.3.0, GMP version 6.2.1, MPFR version 4.1.0, MPC version 1.2.1, isl version isl-0.20-GMP

GGC heuristics: --param ggc-min-expand=100 --param ggc-min-heapsize=131072
Compiler executable checksum: 2a927ea71b48915aafef8b22d63a6549
COLLECT_GCC_OPTIONS='-v' '-o' 'CMakeFiles/cmTC_fd7be.dir/CMakeCXXCompilerABI.cpp.o' '-c' '-B' '/nix/store/9w7ra0b2nqnbly4v64vwayml255lb9bp-gcc-10.3.0-lib/lib' '-B' '/nix/store/jsp3h3wpzc842j0rz61m5ly71ak6qgdn-glibc-2.32-54/lib/' '-idirafter' '/nix/store/q141hd8jl7in5223jmf7kmx9h517km4p-glibc-2.32-54-dev/include' '-idirafter' '/nix/store/nfw1qqdi7rpshfkrn3nqf4k6zrhcdkqr-gcc-10.3.0/lib/gcc/x86_64-unknown-linux-gnu/10.3.0/include-fixed' '-B' '/nix/store/f9592ghi61h9q590f6hav7vw1nykl5h8-gcc-wrapper-10.3.0/bin/' '-shared-libgcc' '-mtune=generic' '-march=x86-64' '-fcommon'
 /nix/store/f9592ghi61h9q590f6hav7vw1nykl5h8-gcc-wrapper-10.3.0/bin/as -v --64 -o CMakeFiles/cmTC_fd7be.dir/CMakeCXXCompilerABI.cpp.o /tmp/ccIAgfE8.s
GNU assembler version 2.35.1 (x86_64-unknown-linux-gnu) using BFD version (GNU Binutils) 2.35.1
COMPILER_PATH=/nix/store/9w7ra0b2nqnbly4v64vwayml255lb9bp-gcc-10.3.0-lib/lib/:/nix/store/jsp3h3wpzc842j0rz61m5ly71ak6qgdn-glibc-2.32-54/lib/:/nix/store/f9592ghi61h9q590f6hav7vw1nykl5h8-gcc-wrapper-10.3.0/bin/:/nix/store/nfw1qqdi7rpshfkrn3nqf4k6zrhcdkqr-gcc-10.3.0/libexec/gcc/x86_64-unknown-linux-gnu/10.3.0/:/nix/store/nfw1qqdi7rpshfkrn3nqf4k6zrhcdkqr-gcc-10.3.0/libexec/gcc/x86_64-unknown-linux-gnu/10.3.0/:/nix/store/nfw1qqdi7rpshfkrn3nqf4k6zrhcdkqr-gcc-10.3.0/libexec/gcc/x86_64-unknown-linux-gnu/:/nix/store/nfw1qqdi7rpshfkrn3nqf4k6zrhcdkqr-gcc-10.3.0/lib/gcc/x86_64-unknown-linux-gnu/10.3.0/:/nix/store/nfw1qqdi7rpshfkrn3nqf4k6zrhcdkqr-gcc-10.3.0/lib/gcc/x86_64-unknown-linux-gnu/
LIBRARY_PATH=/nix/store/9w7ra0b2nqnbly4v64vwayml255lb9bp-gcc-10.3.0-lib/lib/:/nix/store/jsp3h3wpzc842j0rz61m5ly71ak6qgdn-glibc-2.32-54/lib/:/nix/store/f9592ghi61h9q590f6hav7vw1nykl5h8-gcc-wrapper-10.3.0/bin/:/nix/store/nfw1qqdi7rpshfkrn3nqf4k6zrhcdkqr-gcc-10.3.0/lib/gcc/x86_64-unknown-linux-gnu/10.3.0/:/nix/store/nfw1qqdi7rpshfkrn3nqf4k6zrhcdkqr-gcc-10.3.0/lib/gcc/x86_64-unknown-linux-gnu/10.3.0/../../../../lib64/:/nix/store/nfw1qqdi7rpshfkrn3nqf4k6zrhcdkqr-gcc-10.3.0/lib/gcc/x86_64-unknown-linux-gnu/10.3.0/../../../
COLLECT_GCC_OPTIONS='-v' '-o' 'CMakeFiles/cmTC_fd7be.dir/CMakeCXXCompilerABI.cpp.o' '-c' '-B' '/nix/store/9w7ra0b2nqnbly4v64vwayml255lb9bp-gcc-10.3.0-lib/lib' '-B' '/nix/store/jsp3h3wpzc842j0rz61m5ly71ak6qgdn-glibc-2.32-54/lib/' '-idirafter' '/nix/store/q141hd8jl7in5223jmf7kmx9h517km4p-glibc-2.32-54-dev/include' '-idirafter' '/nix/store/nfw1qqdi7rpshfkrn3nqf4k6zrhcdkqr-gcc-10.3.0/lib/gcc/x86_64-unknown-linux-gnu/10.3.0/include-fixed' '-B' '/nix/store/f9592ghi61h9q590f6hav7vw1nykl5h8-gcc-wrapper-10.3.0/bin/' '-shared-libgcc' '-mtune=generic' '-march=x86-64' '-fcommon'
Linking CXX executable cmTC_fd7be
/nix/store/h240v616x2b9j3sbsiw7m58df47q91vn-cmake-3.19.7/bin/cmake -E cmake_link_script CMakeFiles/cmTC_fd7be.dir/link.txt --verbose=1
/run/current-system/sw/bin/g++  -v CMakeFiles/cmTC_fd7be.dir/CMakeCXXCompilerABI.cpp.o -o cmTC_fd7be 
Using built-in specs.
COLLECT_GCC=/nix/store/nfw1qqdi7rpshfkrn3nqf4k6zrhcdkqr-gcc-10.3.0/bin/g++
COLLECT_LTO_WRAPPER=/nix/store/nfw1qqdi7rpshfkrn3nqf4k6zrhcdkqr-gcc-10.3.0/libexec/gcc/x86_64-unknown-linux-gnu/10.3.0/lto-wrapper
Target: x86_64-unknown-linux-gnu
Configured with: 
Thread model: posix
Supported LTO compression algorithms: zlib
gcc version 10.3.0 (GCC) 
COMPILER_PATH=/nix/store/9w7ra0b2nqnbly4v64vwayml255lb9bp-gcc-10.3.0-lib/lib/:/nix/store/jsp3h3wpzc842j0rz61m5ly71ak6qgdn-glibc-2.32-54/lib/:/nix/store/f9592ghi61h9q590f6hav7vw1nykl5h8-gcc-wrapper-10.3.0/bin/:/nix/store/nfw1qqdi7rpshfkrn3nqf4k6zrhcdkqr-gcc-10.3.0/libexec/gcc/x86_64-unknown-linux-gnu/10.3.0/:/nix/store/nfw1qqdi7rpshfkrn3nqf4k6zrhcdkqr-gcc-10.3.0/libexec/gcc/x86_64-unknown-linux-gnu/10.3.0/:/nix/store/nfw1qqdi7rpshfkrn3nqf4k6zrhcdkqr-gcc-10.3.0/libexec/gcc/x86_64-unknown-linux-gnu/:/nix/store/nfw1qqdi7rpshfkrn3nqf4k6zrhcdkqr-gcc-10.3.0/lib/gcc/x86_64-unknown-linux-gnu/10.3.0/:/nix/store/nfw1qqdi7rpshfkrn3nqf4k6zrhcdkqr-gcc-10.3.0/lib/gcc/x86_64-unknown-linux-gnu/
LIBRARY_PATH=/nix/store/9w7ra0b2nqnbly4v64vwayml255lb9bp-gcc-10.3.0-lib/lib/:/nix/store/jsp3h3wpzc842j0rz61m5ly71ak6qgdn-glibc-2.32-54/lib/:/nix/store/f9592ghi61h9q590f6hav7vw1nykl5h8-gcc-wrapper-10.3.0/bin/:/nix/store/nfw1qqdi7rpshfkrn3nqf4k6zrhcdkqr-gcc-10.3.0/lib/gcc/x86_64-unknown-linux-gnu/10.3.0/:/nix/store/nfw1qqdi7rpshfkrn3nqf4k6zrhcdkqr-gcc-10.3.0/lib/gcc/x86_64-unknown-linux-gnu/10.3.0/../../../../lib64/:/nix/store/nfw1qqdi7rpshfkrn3nqf4k6zrhcdkqr-gcc-10.3.0/lib/gcc/x86_64-unknown-linux-gnu/10.3.0/../../../
COLLECT_GCC_OPTIONS='-v' '-o' 'cmTC_fd7be' '-B' '/nix/store/9w7ra0b2nqnbly4v64vwayml255lb9bp-gcc-10.3.0-lib/lib' '-B' '/nix/store/jsp3h3wpzc842j0rz61m5ly71ak6qgdn-glibc-2.32-54/lib/' '-idirafter' '/nix/store/q141hd8jl7in5223jmf7kmx9h517km4p-glibc-2.32-54-dev/include' '-idirafter' '/nix/store/nfw1qqdi7rpshfkrn3nqf4k6zrhcdkqr-gcc-10.3.0/lib/gcc/x86_64-unknown-linux-gnu/10.3.0/include-fixed' '-B' '/nix/store/f9592ghi61h9q590f6hav7vw1nykl5h8-gcc-wrapper-10.3.0/bin/' '-L/nix/store/jsp3h3wpzc842j0rz61m5ly71ak6qgdn-glibc-2.32-54/lib' '-L/nix/store/9w7ra0b2nqnbly4v64vwayml255lb9bp-gcc-10.3.0-lib/lib' '-shared-libgcc' '-mtune=generic' '-march=x86-64' '-fcommon'
 /nix/store/nfw1qqdi7rpshfkrn3nqf4k6zrhcdkqr-gcc-10.3.0/libexec/gcc/x86_64-unknown-linux-gnu/10.3.0/collect2 -plugin /nix/store/nfw1qqdi7rpshfkrn3nqf4k6zrhcdkqr-gcc-10.3.0/libexec/gcc/x86_64-unknown-linux-gnu/10.3.0/liblto_plugin.so -plugin-opt=/nix/store/nfw1qqdi7rpshfkrn3nqf4k6zrhcdkqr-gcc-10.3.0/libexec/gcc/x86_64-unknown-linux-gnu/10.3.0/lto-wrapper -plugin-opt=-fresolution=/tmp/cc4xnsef.res -plugin-opt=-pass-through=-lgcc_s -plugin-opt=-pass-through=-lgcc -plugin-opt=-pass-through=-lc -plugin-opt=-pass-through=-lgcc_s -plugin-opt=-pass-through=-lgcc --eh-frame-hdr -m elf_x86_64 -dynamic-linker /nix/store/jsp3h3wpzc842j0rz61m5ly71ak6qgdn-glibc-2.32-54/lib64/ld-linux-x86-64.so.2 -o cmTC_fd7be /nix/store/jsp3h3wpzc842j0rz61m5ly71ak6qgdn-glibc-2.32-54/lib/crt1.o /nix/store/jsp3h3wpzc842j0rz61m5ly71ak6qgdn-glibc-2.32-54/lib/crti.o /nix/store/nfw1qqdi7rpshfkrn3nqf4k6zrhcdkqr-gcc-10.3.0/lib/gcc/x86_64-unknown-linux-gnu/10.3.0/crtbegin.o -L/nix/store/jsp3h3wpzc842j0rz61m5ly71ak6qgdn-glibc-2.32-54/lib -L/nix/store/9w7ra0b2nqnbly4v64vwayml255lb9bp-gcc-10.3.0-lib/lib -L/nix/store/9w7ra0b2nqnbly4v64vwayml255lb9bp-gcc-10.3.0-lib/lib -L/nix/store/jsp3h3wpzc842j0rz61m5ly71ak6qgdn-glibc-2.32-54/lib -L/nix/store/f9592ghi61h9q590f6hav7vw1nykl5h8-gcc-wrapper-10.3.0/bin -L/nix/store/nfw1qqdi7rpshfkrn3nqf4k6zrhcdkqr-gcc-10.3.0/lib/gcc/x86_64-unknown-linux-gnu/10.3.0 -L/nix/store/nfw1qqdi7rpshfkrn3nqf4k6zrhcdkqr-gcc-10.3.0/lib/gcc/x86_64-unknown-linux-gnu/10.3.0/../../../../lib64 -L/nix/store/nfw1qqdi7rpshfkrn3nqf4k6zrhcdkqr-gcc-10.3.0/lib/gcc/x86_64-unknown-linux-gnu/10.3.0/../../.. -dynamic-linker=/nix/store/jsp3h3wpzc842j0rz61m5ly71ak6qgdn-glibc-2.32-54/lib/ld-linux-x86-64.so.2 CMakeFiles/cmTC_fd7be.dir/CMakeCXXCompilerABI.cpp.o -lstdc++ -lm -lgcc_s -lgcc -lc -lgcc_s -lgcc /nix/store/nfw1qqdi7rpshfkrn3nqf4k6zrhcdkqr-gcc-10.3.0/lib/gcc/x86_64-unknown-linux-gnu/10.3.0/crtend.o /nix/store/jsp3h3wpzc842j0rz61m5ly71ak6qgdn-glibc-2.32-54/lib/crtn.o
COLLECT_GCC_OPTIONS='-v' '-o' 'cmTC_fd7be' '-B' '/nix/store/9w7ra0b2nqnbly4v64vwayml255lb9bp-gcc-10.3.0-lib/lib' '-B' '/nix/store/jsp3h3wpzc842j0rz61m5ly71ak6qgdn-glibc-2.32-54/lib/' '-idirafter' '/nix/store/q141hd8jl7in5223jmf7kmx9h517km4p-glibc-2.32-54-dev/include' '-idirafter' '/nix/store/nfw1qqdi7rpshfkrn3nqf4k6zrhcdkqr-gcc-10.3.0/lib/gcc/x86_64-unknown-linux-gnu/10.3.0/include-fixed' '-B' '/nix/store/f9592ghi61h9q590f6hav7vw1nykl5h8-gcc-wrapper-10.3.0/bin/' '-L/nix/store/jsp3h3wpzc842j0rz61m5ly71ak6qgdn-glibc-2.32-54/lib' '-L/nix/store/9w7ra0b2nqnbly4v64vwayml255lb9bp-gcc-10.3.0-lib/lib' '-shared-libgcc' '-mtune=generic' '-march=x86-64' '-fcommon'
make[1]: Leaving directory '/home/tei/projects/cpp/scratch/cmake-build-debug/CMakeFiles/CMakeTmp'



Parsed CXX implicit include dir info from above output: rv=done
  found start of include info
  found start of implicit include info
    add: [/nix/store/nfw1qqdi7rpshfkrn3nqf4k6zrhcdkqr-gcc-10.3.0/lib/gcc/x86_64-unknown-linux-gnu/10.3.0/../../../../include/c++/10.3.0]
    add: [/nix/store/nfw1qqdi7rpshfkrn3nqf4k6zrhcdkqr-gcc-10.3.0/lib/gcc/x86_64-unknown-linux-gnu/10.3.0/../../../../include/c++/10.3.0/x86_64-unknown-linux-gnu]
    add: [/nix/store/nfw1qqdi7rpshfkrn3nqf4k6zrhcdkqr-gcc-10.3.0/lib/gcc/x86_64-unknown-linux-gnu/10.3.0/../../../../include/c++/10.3.0/backward]
    add: [/nix/store/nfw1qqdi7rpshfkrn3nqf4k6zrhcdkqr-gcc-10.3.0/lib/gcc/x86_64-unknown-linux-gnu/10.3.0/include]
    add: [/nix/store/nfw1qqdi7rpshfkrn3nqf4k6zrhcdkqr-gcc-10.3.0/include]
    add: [/nix/store/nfw1qqdi7rpshfkrn3nqf4k6zrhcdkqr-gcc-10.3.0/lib/gcc/x86_64-unknown-linux-gnu/10.3.0/include-fixed]
    add: [/nix/store/q141hd8jl7in5223jmf7kmx9h517km4p-glibc-2.32-54-dev/include]
  end of search list found
  collapse include dir [/nix/store/nfw1qqdi7rpshfkrn3nqf4k6zrhcdkqr-gcc-10.3.0/lib/gcc/x86_64-unknown-linux-gnu/10.3.0/../../../../include/c++/10.3.0] ==> [/nix/store/nfw1qqdi7rpshfkrn3nqf4k6zrhcdkqr-gcc-10.3.0/include/c++/10.3.0]
  collapse include dir [/nix/store/nfw1qqdi7rpshfkrn3nqf4k6zrhcdkqr-gcc-10.3.0/lib/gcc/x86_64-unknown-linux-gnu/10.3.0/../../../../include/c++/10.3.0/x86_64-unknown-linux-gnu] ==> [/nix/store/nfw1qqdi7rpshfkrn3nqf4k6zrhcdkqr-gcc-10.3.0/include/c++/10.3.0/x86_64-unknown-linux-gnu]
  collapse include dir [/nix/store/nfw1qqdi7rpshfkrn3nqf4k6zrhcdkqr-gcc-10.3.0/lib/gcc/x86_64-unknown-linux-gnu/10.3.0/../../../../include/c++/10.3.0/backward] ==> [/nix/store/nfw1qqdi7rpshfkrn3nqf4k6zrhcdkqr-gcc-10.3.0/include/c++/10.3.0/backward]
  collapse include dir [/nix/store/nfw1qqdi7rpshfkrn3nqf4k6zrhcdkqr-gcc-10.3.0/lib/gcc/x86_64-unknown-linux-gnu/10.3.0/include] ==> [/nix/store/nfw1qqdi7rpshfkrn3nqf4k6zrhcdkqr-gcc-10.3.0/lib/gcc/x86_64-unknown-linux-gnu/10.3.0/include]
  collapse include dir [/nix/store/nfw1qqdi7rpshfkrn3nqf4k6zrhcdkqr-gcc-10.3.0/include] ==> [/nix/store/nfw1qqdi7rpshfkrn3nqf4k6zrhcdkqr-gcc-10.3.0/include]
  collapse include dir [/nix/store/nfw1qqdi7rpshfkrn3nqf4k6zrhcdkqr-gcc-10.3.0/lib/gcc/x86_64-unknown-linux-gnu/10.3.0/include-fixed] ==> [/nix/store/nfw1qqdi7rpshfkrn3nqf4k6zrhcdkqr-gcc-10.3.0/lib/gcc/x86_64-unknown-linux-gnu/10.3.0/include-fixed]
  collapse include dir [/nix/store/q141hd8jl7in5223jmf7kmx9h517km4p-glibc-2.32-54-dev/include] ==> [/nix/store/q141hd8jl7in5223jmf7kmx9h517km4p-glibc-2.32-54-dev/include]
  implicit include dirs: [/nix/store/nfw1qqdi7rpshfkrn3nqf4k6zrhcdkqr-gcc-10.3.0/include/c++/10.3.0;/nix/store/nfw1qqdi7rpshfkrn3nqf4k6zrhcdkqr-gcc-10.3.0/include/c++/10.3.0/x86_64-unknown-linux-gnu;/nix/store/nfw1qqdi7rpshfkrn3nqf4k6zrhcdkqr-gcc-10.3.0/include/c++/10.3.0/backward;/nix/store/nfw1qqdi7rpshfkrn3nqf4k6zrhcdkqr-gcc-10.3.0/lib/gcc/x86_64-unknown-linux-gnu/10.3.0/include;/nix/store/nfw1qqdi7rpshfkrn3nqf4k6zrhcdkqr-gcc-10.3.0/include;/nix/store/nfw1qqdi7rpshfkrn3nqf4k6zrhcdkqr-gcc-10.3.0/lib/gcc/x86_64-unknown-linux-gnu/10.3.0/include-fixed;/nix/store/q141hd8jl7in5223jmf7kmx9h517km4p-glibc-2.32-54-dev/include]


Parsed CXX implicit link information from above output:
  link line regex: [^( *|.*[/\])(ld|CMAKE_LINK_STARTFILE-NOTFOUND|([^/\]+-)?ld|collect2)[^/\]*( |$)]
  ignore line: [Change Dir: /home/tei/projects/cpp/scratch/cmake-build-debug/CMakeFiles/CMakeTmp]
  ignore line: []
  ignore line: [Run Build Command(s):/run/current-system/sw/bin/make cmTC_fd7be/fast && /run/current-system/sw/bin/make  -f CMakeFiles/cmTC_fd7be.dir/build.make CMakeFiles/cmTC_fd7be.dir/build]
  ignore line: [make[1]: Entering directory '/home/tei/projects/cpp/scratch/cmake-build-debug/CMakeFiles/CMakeTmp']
  ignore line: [Building CXX object CMakeFiles/cmTC_fd7be.dir/CMakeCXXCompilerABI.cpp.o]
  ignore line: [/run/current-system/sw/bin/g++   -v -o CMakeFiles/cmTC_fd7be.dir/CMakeCXXCompilerABI.cpp.o -c /nix/store/h240v616x2b9j3sbsiw7m58df47q91vn-cmake-3.19.7/share/cmake-3.19/Modules/CMakeCXXCompilerABI.cpp]
  ignore line: [Using built-in specs.]
  ignore line: [COLLECT_GCC=/nix/store/nfw1qqdi7rpshfkrn3nqf4k6zrhcdkqr-gcc-10.3.0/bin/g++]
  ignore line: [Target: x86_64-unknown-linux-gnu]
  ignore line: [Configured with: ]
  ignore line: [Thread model: posix]
  ignore line: [Supported LTO compression algorithms: zlib]
  ignore line: [gcc version 10.3.0 (GCC) ]
  ignore line: [COLLECT_GCC_OPTIONS='-v' '-o' 'CMakeFiles/cmTC_fd7be.dir/CMakeCXXCompilerABI.cpp.o' '-c' '-B' '/nix/store/9w7ra0b2nqnbly4v64vwayml255lb9bp-gcc-10.3.0-lib/lib' '-B' '/nix/store/jsp3h3wpzc842j0rz61m5ly71ak6qgdn-glibc-2.32-54/lib/' '-idirafter' '/nix/store/q141hd8jl7in5223jmf7kmx9h517km4p-glibc-2.32-54-dev/include' '-idirafter' '/nix/store/nfw1qqdi7rpshfkrn3nqf4k6zrhcdkqr-gcc-10.3.0/lib/gcc/x86_64-unknown-linux-gnu/10.3.0/include-fixed' '-B' '/nix/store/f9592ghi61h9q590f6hav7vw1nykl5h8-gcc-wrapper-10.3.0/bin/' '-shared-libgcc' '-mtune=generic' '-march=x86-64' '-fcommon']
  ignore line: [ /nix/store/nfw1qqdi7rpshfkrn3nqf4k6zrhcdkqr-gcc-10.3.0/libexec/gcc/x86_64-unknown-linux-gnu/10.3.0/cc1plus -quiet -v -D_GNU_SOURCE -idirafter /nix/store/q141hd8jl7in5223jmf7kmx9h517km4p-glibc-2.32-54-dev/include -idirafter /nix/store/nfw1qqdi7rpshfkrn3nqf4k6zrhcdkqr-gcc-10.3.0/lib/gcc/x86_64-unknown-linux-gnu/10.3.0/include-fixed /nix/store/h240v616x2b9j3sbsiw7m58df47q91vn-cmake-3.19.7/share/cmake-3.19/Modules/CMakeCXXCompilerABI.cpp -quiet -dumpbase CMakeCXXCompilerABI.cpp -mtune=generic -march=x86-64 -auxbase-strip CMakeFiles/cmTC_fd7be.dir/CMakeCXXCompilerABI.cpp.o -version -fcommon -o /tmp/ccIAgfE8.s]
  ignore line: [GNU C++14 (GCC) version 10.3.0 (x86_64-unknown-linux-gnu)]
  ignore line: [	compiled by GNU C version 10.3.0  GMP version 6.2.1  MPFR version 4.1.0  MPC version 1.2.1  isl version isl-0.20-GMP]
  ignore line: []
  ignore line: [GGC heuristics: --param ggc-min-expand=100 --param ggc-min-heapsize=131072]
  ignore line: [ignoring nonexistent directory "/nix/store/nfw1qqdi7rpshfkrn3nqf4k6zrhcdkqr-gcc-10.3.0/lib/gcc/x86_64-unknown-linux-gnu/10.3.0/../../../../x86_64-unknown-linux-gnu/include"]
  ignore line: [ignoring duplicate directory "/nix/store/q141hd8jl7in5223jmf7kmx9h517km4p-glibc-2.32-54-dev/include"]
  ignore line: [ignoring duplicate directory "/nix/store/nfw1qqdi7rpshfkrn3nqf4k6zrhcdkqr-gcc-10.3.0/lib/gcc/x86_64-unknown-linux-gnu/10.3.0/include-fixed"]
  ignore line: [#include "..." search starts here:]
  ignore line: [#include <...> search starts here:]
  ignore line: [ /nix/store/nfw1qqdi7rpshfkrn3nqf4k6zrhcdkqr-gcc-10.3.0/lib/gcc/x86_64-unknown-linux-gnu/10.3.0/../../../../include/c++/10.3.0]
  ignore line: [ /nix/store/nfw1qqdi7rpshfkrn3nqf4k6zrhcdkqr-gcc-10.3.0/lib/gcc/x86_64-unknown-linux-gnu/10.3.0/../../../../include/c++/10.3.0/x86_64-unknown-linux-gnu]
  ignore line: [ /nix/store/nfw1qqdi7rpshfkrn3nqf4k6zrhcdkqr-gcc-10.3.0/lib/gcc/x86_64-unknown-linux-gnu/10.3.0/../../../../include/c++/10.3.0/backward]
  ignore line: [ /nix/store/nfw1qqdi7rpshfkrn3nqf4k6zrhcdkqr-gcc-10.3.0/lib/gcc/x86_64-unknown-linux-gnu/10.3.0/include]
  ignore line: [ /nix/store/nfw1qqdi7rpshfkrn3nqf4k6zrhcdkqr-gcc-10.3.0/include]
  ignore line: [ /nix/store/nfw1qqdi7rpshfkrn3nqf4k6zrhcdkqr-gcc-10.3.0/lib/gcc/x86_64-unknown-linux-gnu/10.3.0/include-fixed]
  ignore line: [ /nix/store/q141hd8jl7in5223jmf7kmx9h517km4p-glibc-2.32-54-dev/include]
  ignore line: [End of search list.]
  ignore line: [GNU C++14 (GCC) version 10.3.0 (x86_64-unknown-linux-gnu)]
  ignore line: [	compiled by GNU C version 10.3.0  GMP version 6.2.1  MPFR version 4.1.0  MPC version 1.2.1  isl version isl-0.20-GMP]
  ignore line: []
  ignore line: [GGC heuristics: --param ggc-min-expand=100 --param ggc-min-heapsize=131072]
  ignore line: [Compiler executable checksum: 2a927ea71b48915aafef8b22d63a6549]
  ignore line: [COLLECT_GCC_OPTIONS='-v' '-o' 'CMakeFiles/cmTC_fd7be.dir/CMakeCXXCompilerABI.cpp.o' '-c' '-B' '/nix/store/9w7ra0b2nqnbly4v64vwayml255lb9bp-gcc-10.3.0-lib/lib' '-B' '/nix/store/jsp3h3wpzc842j0rz61m5ly71ak6qgdn-glibc-2.32-54/lib/' '-idirafter' '/nix/store/q141hd8jl7in5223jmf7kmx9h517km4p-glibc-2.32-54-dev/include' '-idirafter' '/nix/store/nfw1qqdi7rpshfkrn3nqf4k6zrhcdkqr-gcc-10.3.0/lib/gcc/x86_64-unknown-linux-gnu/10.3.0/include-fixed' '-B' '/nix/store/f9592ghi61h9q590f6hav7vw1nykl5h8-gcc-wrapper-10.3.0/bin/' '-shared-libgcc' '-mtune=generic' '-march=x86-64' '-fcommon']
  ignore line: [ /nix/store/f9592ghi61h9q590f6hav7vw1nykl5h8-gcc-wrapper-10.3.0/bin/as -v --64 -o CMakeFiles/cmTC_fd7be.dir/CMakeCXXCompilerABI.cpp.o /tmp/ccIAgfE8.s]
  ignore line: [GNU assembler version 2.35.1 (x86_64-unknown-linux-gnu) using BFD version (GNU Binutils) 2.35.1]
  ignore line: [COMPILER_PATH=/nix/store/9w7ra0b2nqnbly4v64vwayml255lb9bp-gcc-10.3.0-lib/lib/:/nix/store/jsp3h3wpzc842j0rz61m5ly71ak6qgdn-glibc-2.32-54/lib/:/nix/store/f9592ghi61h9q590f6hav7vw1nykl5h8-gcc-wrapper-10.3.0/bin/:/nix/store/nfw1qqdi7rpshfkrn3nqf4k6zrhcdkqr-gcc-10.3.0/libexec/gcc/x86_64-unknown-linux-gnu/10.3.0/:/nix/store/nfw1qqdi7rpshfkrn3nqf4k6zrhcdkqr-gcc-10.3.0/libexec/gcc/x86_64-unknown-linux-gnu/10.3.0/:/nix/store/nfw1qqdi7rpshfkrn3nqf4k6zrhcdkqr-gcc-10.3.0/libexec/gcc/x86_64-unknown-linux-gnu/:/nix/store/nfw1qqdi7rpshfkrn3nqf4k6zrhcdkqr-gcc-10.3.0/lib/gcc/x86_64-unknown-linux-gnu/10.3.0/:/nix/store/nfw1qqdi7rpshfkrn3nqf4k6zrhcdkqr-gcc-10.3.0/lib/gcc/x86_64-unknown-linux-gnu/]
  ignore line: [LIBRARY_PATH=/nix/store/9w7ra0b2nqnbly4v64vwayml255lb9bp-gcc-10.3.0-lib/lib/:/nix/store/jsp3h3wpzc842j0rz61m5ly71ak6qgdn-glibc-2.32-54/lib/:/nix/store/f9592ghi61h9q590f6hav7vw1nykl5h8-gcc-wrapper-10.3.0/bin/:/nix/store/nfw1qqdi7rpshfkrn3nqf4k6zrhcdkqr-gcc-10.3.0/lib/gcc/x86_64-unknown-linux-gnu/10.3.0/:/nix/store/nfw1qqdi7rpshfkrn3nqf4k6zrhcdkqr-gcc-10.3.0/lib/gcc/x86_64-unknown-linux-gnu/10.3.0/../../../../lib64/:/nix/store/nfw1qqdi7rpshfkrn3nqf4k6zrhcdkqr-gcc-10.3.0/lib/gcc/x86_64-unknown-linux-gnu/10.3.0/../../../]
  ignore line: [COLLECT_GCC_OPTIONS='-v' '-o' 'CMakeFiles/cmTC_fd7be.dir/CMakeCXXCompilerABI.cpp.o' '-c' '-B' '/nix/store/9w7ra0b2nqnbly4v64vwayml255lb9bp-gcc-10.3.0-lib/lib' '-B' '/nix/store/jsp3h3wpzc842j0rz61m5ly71ak6qgdn-glibc-2.32-54/lib/' '-idirafter' '/nix/store/q141hd8jl7in5223jmf7kmx9h517km4p-glibc-2.32-54-dev/include' '-idirafter' '/nix/store/nfw1qqdi7rpshfkrn3nqf4k6zrhcdkqr-gcc-10.3.0/lib/gcc/x86_64-unknown-linux-gnu/10.3.0/include-fixed' '-B' '/nix/store/f9592ghi61h9q590f6hav7vw1nykl5h8-gcc-wrapper-10.3.0/bin/' '-shared-libgcc' '-mtune=generic' '-march=x86-64' '-fcommon']
  ignore line: [Linking CXX executable cmTC_fd7be]
  ignore line: [/nix/store/h240v616x2b9j3sbsiw7m58df47q91vn-cmake-3.19.7/bin/cmake -E cmake_link_script CMakeFiles/cmTC_fd7be.dir/link.txt --verbose=1]
  ignore line: [/run/current-system/sw/bin/g++  -v CMakeFiles/cmTC_fd7be.dir/CMakeCXXCompilerABI.cpp.o -o cmTC_fd7be ]
  ignore line: [Using built-in specs.]
  ignore line: [COLLECT_GCC=/nix/store/nfw1qqdi7rpshfkrn3nqf4k6zrhcdkqr-gcc-10.3.0/bin/g++]
  ignore line: [COLLECT_LTO_WRAPPER=/nix/store/nfw1qqdi7rpshfkrn3nqf4k6zrhcdkqr-gcc-10.3.0/libexec/gcc/x86_64-unknown-linux-gnu/10.3.0/lto-wrapper]
  ignore line: [Target: x86_64-unknown-linux-gnu]
  ignore line: [Configured with: ]
  ignore line: [Thread model: posix]
  ignore line: [Supported LTO compression algorithms: zlib]
  ignore line: [gcc version 10.3.0 (GCC) ]
  ignore line: [COMPILER_PATH=/nix/store/9w7ra0b2nqnbly4v64vwayml255lb9bp-gcc-10.3.0-lib/lib/:/nix/store/jsp3h3wpzc842j0rz61m5ly71ak6qgdn-glibc-2.32-54/lib/:/nix/store/f9592ghi61h9q590f6hav7vw1nykl5h8-gcc-wrapper-10.3.0/bin/:/nix/store/nfw1qqdi7rpshfkrn3nqf4k6zrhcdkqr-gcc-10.3.0/libexec/gcc/x86_64-unknown-linux-gnu/10.3.0/:/nix/store/nfw1qqdi7rpshfkrn3nqf4k6zrhcdkqr-gcc-10.3.0/libexec/gcc/x86_64-unknown-linux-gnu/10.3.0/:/nix/store/nfw1qqdi7rpshfkrn3nqf4k6zrhcdkqr-gcc-10.3.0/libexec/gcc/x86_64-unknown-linux-gnu/:/nix/store/nfw1qqdi7rpshfkrn3nqf4k6zrhcdkqr-gcc-10.3.0/lib/gcc/x86_64-unknown-linux-gnu/10.3.0/:/nix/store/nfw1qqdi7rpshfkrn3nqf4k6zrhcdkqr-gcc-10.3.0/lib/gcc/x86_64-unknown-linux-gnu/]
  ignore line: [LIBRARY_PATH=/nix/store/9w7ra0b2nqnbly4v64vwayml255lb9bp-gcc-10.3.0-lib/lib/:/nix/store/jsp3h3wpzc842j0rz61m5ly71ak6qgdn-glibc-2.32-54/lib/:/nix/store/f9592ghi61h9q590f6hav7vw1nykl5h8-gcc-wrapper-10.3.0/bin/:/nix/store/nfw1qqdi7rpshfkrn3nqf4k6zrhcdkqr-gcc-10.3.0/lib/gcc/x86_64-unknown-linux-gnu/10.3.0/:/nix/store/nfw1qqdi7rpshfkrn3nqf4k6zrhcdkqr-gcc-10.3.0/lib/gcc/x86_64-unknown-linux-gnu/10.3.0/../../../../lib64/:/nix/store/nfw1qqdi7rpshfkrn3nqf4k6zrhcdkqr-gcc-10.3.0/lib/gcc/x86_64-unknown-linux-gnu/10.3.0/../../../]
  ignore line: [COLLECT_GCC_OPTIONS='-v' '-o' 'cmTC_fd7be' '-B' '/nix/store/9w7ra0b2nqnbly4v64vwayml255lb9bp-gcc-10.3.0-lib/lib' '-B' '/nix/store/jsp3h3wpzc842j0rz61m5ly71ak6qgdn-glibc-2.32-54/lib/' '-idirafter' '/nix/store/q141hd8jl7in5223jmf7kmx9h517km4p-glibc-2.32-54-dev/include' '-idirafter' '/nix/store/nfw1qqdi7rpshfkrn3nqf4k6zrhcdkqr-gcc-10.3.0/lib/gcc/x86_64-unknown-linux-gnu/10.3.0/include-fixed' '-B' '/nix/store/f9592ghi61h9q590f6hav7vw1nykl5h8-gcc-wrapper-10.3.0/bin/' '-L/nix/store/jsp3h3wpzc842j0rz61m5ly71ak6qgdn-glibc-2.32-54/lib' '-L/nix/store/9w7ra0b2nqnbly4v64vwayml255lb9bp-gcc-10.3.0-lib/lib' '-shared-libgcc' '-mtune=generic' '-march=x86-64' '-fcommon']
  link line: [ /nix/store/nfw1qqdi7rpshfkrn3nqf4k6zrhcdkqr-gcc-10.3.0/libexec/gcc/x86_64-unknown-linux-gnu/10.3.0/collect2 -plugin /nix/store/nfw1qqdi7rpshfkrn3nqf4k6zrhcdkqr-gcc-10.3.0/libexec/gcc/x86_64-unknown-linux-gnu/10.3.0/liblto_plugin.so -plugin-opt=/nix/store/nfw1qqdi7rpshfkrn3nqf4k6zrhcdkqr-gcc-10.3.0/libexec/gcc/x86_64-unknown-linux-gnu/10.3.0/lto-wrapper -plugin-opt=-fresolution=/tmp/cc4xnsef.res -plugin-opt=-pass-through=-lgcc_s -plugin-opt=-pass-through=-lgcc -plugin-opt=-pass-through=-lc -plugin-opt=-pass-through=-lgcc_s -plugin-opt=-pass-through=-lgcc --eh-frame-hdr -m elf_x86_64 -dynamic-linker /nix/store/jsp3h3wpzc842j0rz61m5ly71ak6qgdn-glibc-2.32-54/lib64/ld-linux-x86-64.so.2 -o cmTC_fd7be /nix/store/jsp3h3wpzc842j0rz61m5ly71ak6qgdn-glibc-2.32-54/lib/crt1.o /nix/store/jsp3h3wpzc842j0rz61m5ly71ak6qgdn-glibc-2.32-54/lib/crti.o /nix/store/nfw1qqdi7rpshfkrn3nqf4k6zrhcdkqr-gcc-10.3.0/lib/gcc/x86_64-unknown-linux-gnu/10.3.0/crtbegin.o -L/nix/store/jsp3h3wpzc842j0rz61m5ly71ak6qgdn-glibc-2.32-54/lib -L/nix/store/9w7ra0b2nqnbly4v64vwayml255lb9bp-gcc-10.3.0-lib/lib -L/nix/store/9w7ra0b2nqnbly4v64vwayml255lb9bp-gcc-10.3.0-lib/lib -L/nix/store/jsp3h3wpzc842j0rz61m5ly71ak6qgdn-glibc-2.32-54/lib -L/nix/store/f9592ghi61h9q590f6hav7vw1nykl5h8-gcc-wrapper-10.3.0/bin -L/nix/store/nfw1qqdi7rpshfkrn3nqf4k6zrhcdkqr-gcc-10.3.0/lib/gcc/x86_64-unknown-linux-gnu/10.3.0 -L/nix/store/nfw1qqdi7rpshfkrn3nqf4k6zrhcdkqr-gcc-10.3.0/lib/gcc/x86_64-unknown-linux-gnu/10.3.0/../../../../lib64 -L/nix/store/nfw1qqdi7rpshfkrn3nqf4k6zrhcdkqr-gcc-10.3.0/lib/gcc/x86_64-unknown-linux-gnu/10.3.0/../../.. -dynamic-linker=/nix/store/jsp3h3wpzc842j0rz61m5ly71ak6qgdn-glibc-2.32-54/lib/ld-linux-x86-64.so.2 CMakeFiles/cmTC_fd7be.dir/CMakeCXXCompilerABI.cpp.o -lstdc++ -lm -lgcc_s -lgcc -lc -lgcc_s -lgcc /nix/store/nfw1qqdi7rpshfkrn3nqf4k6zrhcdkqr-gcc-10.3.0/lib/gcc/x86_64-unknown-linux-gnu/10.3.0/crtend.o /nix/store/jsp3h3wpzc842j0rz61m5ly71ak6qgdn-glibc-2.32-54/lib/crtn.o]
    arg [/nix/store/nfw1qqdi7rpshfkrn3nqf4k6zrhcdkqr-gcc-10.3.0/libexec/gcc/x86_64-unknown-linux-gnu/10.3.0/collect2] ==> ignore
    arg [-plugin] ==> ignore
    arg [/nix/store/nfw1qqdi7rpshfkrn3nqf4k6zrhcdkqr-gcc-10.3.0/libexec/gcc/x86_64-unknown-linux-gnu/10.3.0/liblto_plugin.so] ==> ignore
    arg [-plugin-opt=/nix/store/nfw1qqdi7rpshfkrn3nqf4k6zrhcdkqr-gcc-10.3.0/libexec/gcc/x86_64-unknown-linux-gnu/10.3.0/lto-wrapper] ==> ignore
    arg [-plugin-opt=-fresolution=/tmp/cc4xnsef.res] ==> ignore
    arg [-plugin-opt=-pass-through=-lgcc_s] ==> ignore
    arg [-plugin-opt=-pass-through=-lgcc] ==> ignore
    arg [-plugin-opt=-pass-through=-lc] ==> ignore
    arg [-plugin-opt=-pass-through=-lgcc_s] ==> ignore
    arg [-plugin-opt=-pass-through=-lgcc] ==> ignore
    arg [--eh-frame-hdr] ==> ignore
    arg [-m] ==> ignore
    arg [elf_x86_64] ==> ignore
    arg [-dynamic-linker] ==> ignore
    arg [/nix/store/jsp3h3wpzc842j0rz61m5ly71ak6qgdn-glibc-2.32-54/lib64/ld-linux-x86-64.so.2] ==> ignore
    arg [-o] ==> ignore
    arg [cmTC_fd7be] ==> ignore
    arg [/nix/store/jsp3h3wpzc842j0rz61m5ly71ak6qgdn-glibc-2.32-54/lib/crt1.o] ==> ignore
    arg [/nix/store/jsp3h3wpzc842j0rz61m5ly71ak6qgdn-glibc-2.32-54/lib/crti.o] ==> ignore
    arg [/nix/store/nfw1qqdi7rpshfkrn3nqf4k6zrhcdkqr-gcc-10.3.0/lib/gcc/x86_64-unknown-linux-gnu/10.3.0/crtbegin.o] ==> ignore
    arg [-L/nix/store/jsp3h3wpzc842j0rz61m5ly71ak6qgdn-glibc-2.32-54/lib] ==> dir [/nix/store/jsp3h3wpzc842j0rz61m5ly71ak6qgdn-glibc-2.32-54/lib]
    arg [-L/nix/store/9w7ra0b2nqnbly4v64vwayml255lb9bp-gcc-10.3.0-lib/lib] ==> dir [/nix/store/9w7ra0b2nqnbly4v64vwayml255lb9bp-gcc-10.3.0-lib/lib]
    arg [-L/nix/store/9w7ra0b2nqnbly4v64vwayml255lb9bp-gcc-10.3.0-lib/lib] ==> dir [/nix/store/9w7ra0b2nqnbly4v64vwayml255lb9bp-gcc-10.3.0-lib/lib]
    arg [-L/nix/store/jsp3h3wpzc842j0rz61m5ly71ak6qgdn-glibc-2.32-54/lib] ==> dir [/nix/store/jsp3h3wpzc842j0rz61m5ly71ak6qgdn-glibc-2.32-54/lib]
    arg [-L/nix/store/f9592ghi61h9q590f6hav7vw1nykl5h8-gcc-wrapper-10.3.0/bin] ==> dir [/nix/store/f9592ghi61h9q590f6hav7vw1nykl5h8-gcc-wrapper-10.3.0/bin]
    arg [-L/nix/store/nfw1qqdi7rpshfkrn3nqf4k6zrhcdkqr-gcc-10.3.0/lib/gcc/x86_64-unknown-linux-gnu/10.3.0] ==> dir [/nix/store/nfw1qqdi7rpshfkrn3nqf4k6zrhcdkqr-gcc-10.3.0/lib/gcc/x86_64-unknown-linux-gnu/10.3.0]
    arg [-L/nix/store/nfw1qqdi7rpshfkrn3nqf4k6zrhcdkqr-gcc-10.3.0/lib/gcc/x86_64-unknown-linux-gnu/10.3.0/../../../../lib64] ==> dir [/nix/store/nfw1qqdi7rpshfkrn3nqf4k6zrhcdkqr-gcc-10.3.0/lib/gcc/x86_64-unknown-linux-gnu/10.3.0/../../../../lib64]
    arg [-L/nix/store/nfw1qqdi7rpshfkrn3nqf4k6zrhcdkqr-gcc-10.3.0/lib/gcc/x86_64-unknown-linux-gnu/10.3.0/../../..] ==> dir [/nix/store/nfw1qqdi7rpshfkrn3nqf4k6zrhcdkqr-gcc-10.3.0/lib/gcc/x86_64-unknown-linux-gnu/10.3.0/../../..]
    arg [-dynamic-linker=/nix/store/jsp3h3wpzc842j0rz61m5ly71ak6qgdn-glibc-2.32-54/lib/ld-linux-x86-64.so.2] ==> ignore
    arg [CMakeFiles/cmTC_fd7be.dir/CMakeCXXCompilerABI.cpp.o] ==> ignore
    arg [-lstdc++] ==> lib [stdc++]
    arg [-lm] ==> lib [m]
    arg [-lgcc_s] ==> lib [gcc_s]
    arg [-lgcc] ==> lib [gcc]
    arg [-lc] ==> lib [c]
    arg [-lgcc_s] ==> lib [gcc_s]
    arg [-lgcc] ==> lib [gcc]
    arg [/nix/store/nfw1qqdi7rpshfkrn3nqf4k6zrhcdkqr-gcc-10.3.0/lib/gcc/x86_64-unknown-linux-gnu/10.3.0/crtend.o] ==> ignore
    arg [/nix/store/jsp3h3wpzc842j0rz61m5ly71ak6qgdn-glibc-2.32-54/lib/crtn.o] ==> ignore
  collapse library dir [/nix/store/jsp3h3wpzc842j0rz61m5ly71ak6qgdn-glibc-2.32-54/lib] ==> [/nix/store/jsp3h3wpzc842j0rz61m5ly71ak6qgdn-glibc-2.32-54/lib]
  collapse library dir [/nix/store/9w7ra0b2nqnbly4v64vwayml255lb9bp-gcc-10.3.0-lib/lib] ==> [/nix/store/9w7ra0b2nqnbly4v64vwayml255lb9bp-gcc-10.3.0-lib/lib]
  collapse library dir [/nix/store/9w7ra0b2nqnbly4v64vwayml255lb9bp-gcc-10.3.0-lib/lib] ==> [/nix/store/9w7ra0b2nqnbly4v64vwayml255lb9bp-gcc-10.3.0-lib/lib]
  collapse library dir [/nix/store/jsp3h3wpzc842j0rz61m5ly71ak6qgdn-glibc-2.32-54/lib] ==> [/nix/store/jsp3h3wpzc842j0rz61m5ly71ak6qgdn-glibc-2.32-54/lib]
  collapse library dir [/nix/store/f9592ghi61h9q590f6hav7vw1nykl5h8-gcc-wrapper-10.3.0/bin] ==> [/nix/store/f9592ghi61h9q590f6hav7vw1nykl5h8-gcc-wrapper-10.3.0/bin]
  collapse library dir [/nix/store/nfw1qqdi7rpshfkrn3nqf4k6zrhcdkqr-gcc-10.3.0/lib/gcc/x86_64-unknown-linux-gnu/10.3.0] ==> [/nix/store/nfw1qqdi7rpshfkrn3nqf4k6zrhcdkqr-gcc-10.3.0/lib/gcc/x86_64-unknown-linux-gnu/10.3.0]
  collapse library dir [/nix/store/nfw1qqdi7rpshfkrn3nqf4k6zrhcdkqr-gcc-10.3.0/lib/gcc/x86_64-unknown-linux-gnu/10.3.0/../../../../lib64] ==> [/nix/store/nfw1qqdi7rpshfkrn3nqf4k6zrhcdkqr-gcc-10.3.0/lib64]
  collapse library dir [/nix/store/nfw1qqdi7rpshfkrn3nqf4k6zrhcdkqr-gcc-10.3.0/lib/gcc/x86_64-unknown-linux-gnu/10.3.0/../../..] ==> [/nix/store/nfw1qqdi7rpshfkrn3nqf4k6zrhcdkqr-gcc-10.3.0/lib]
  implicit libs: [stdc++;m;gcc_s;gcc;c;gcc_s;gcc]
  implicit dirs: [/nix/store/jsp3h3wpzc842j0rz61m5ly71ak6qgdn-glibc-2.32-54/lib;/nix/store/9w7ra0b2nqnbly4v64vwayml255lb9bp-gcc-10.3.0-lib/lib;/nix/store/f9592ghi61h9q590f6hav7vw1nykl5h8-gcc-wrapper-10.3.0/bin;/nix/store/nfw1qqdi7rpshfkrn3nqf4k6zrhcdkqr-gcc-10.3.0/lib/gcc/x86_64-unknown-linux-gnu/10.3.0;/nix/store/nfw1qqdi7rpshfkrn3nqf4k6zrhcdkqr-gcc-10.3.0/lib64;/nix/store/nfw1qqdi7rpshfkrn3nqf4k6zrhcdkqr-gcc-10.3.0/lib]
  implicit fwks: []


